[0.145s] Invoking command in '/mnt/c/Users/Kyomoto/main_ws/unity_asv_sim/ROS-TCP-Endpoint/build/ros_tcp_endpoint': /usr/bin/cmake /mnt/c/Users/Kyomoto/main_ws/unity_asv_sim/ROS-TCP-Endpoint -DCATKIN_INSTALL_INTO_PREFIX_ROOT=0 -DCMAKE_INSTALL_PREFIX=/mnt/c/Users/Kyomoto/main_ws/unity_asv_sim/ROS-TCP-Endpoint/install/ros_tcp_endpoint
[0.169s] [0mCMake Deprecation Warning at CMakeLists.txt:1 (cmake_minimum_required):
[0.172s]   Compatibility with CMake < 2.8.12 will be removed from a future version of
[0.175s]   CMake.
[0.178s] 
[0.180s]   Update the VERSION argument <min> value or use a ...<max> suffix to tell
[0.184s]   CMake that the project does not need compatibility with older versions.
[0.187s] 
[0.189s] [0m
[12.108s] [31mCMake Error at CMakeLists.txt:4 (find_package):
[12.113s]   By not providing "Findcatkin.cmake" in CMAKE_MODULE_PATH this project has
[12.116s]   asked CMake to find a package configuration file provided by "catkin", but
[12.120s]   CMake did not find one.
[12.124s] 
[12.129s]   Could not find a package configuration file provided by "catkin" with any
[12.133s]   of the following names:
[12.137s] 
[12.141s]     catkinConfig.cmake
[12.146s]     catkin-config.cmake
[12.149s] 
[12.154s]   Add the installation prefix of "catkin" to CMAKE_PREFIX_PATH or set
[12.158s]   "catkin_DIR" to a directory containing one of the above files.  If "catkin"
[12.162s]   provides a separate development package or SDK, be sure it has been
[12.166s]   installed.
[12.170s] 
[12.173s] [0m
[12.179s] -- Configuring incomplete, errors occurred!
[12.185s] See also "/mnt/c/Users/Kyomoto/main_ws/unity_asv_sim/ROS-TCP-Endpoint/build/ros_tcp_endpoint/CMakeFiles/CMakeOutput.log".
[12.200s] Invoked command in '/mnt/c/Users/Kyomoto/main_ws/unity_asv_sim/ROS-TCP-Endpoint/build/ros_tcp_endpoint' returned '1': /usr/bin/cmake /mnt/c/Users/Kyomoto/main_ws/unity_asv_sim/ROS-TCP-Endpoint -DCATKIN_INSTALL_INTO_PREFIX_ROOT=0 -DCMAKE_INSTALL_PREFIX=/mnt/c/Users/Kyomoto/main_ws/unity_asv_sim/ROS-TCP-Endpoint/install/ros_tcp_endpoint
