[0.040s] Invoking command in '/mnt/c/Users/Kyomoto/main_ws/unity_asv_sim/ROS-TCP-Endpoint/build/ros_tcp_endpoint': /usr/bin/cmake /mnt/c/Users/Kyomoto/main_ws/unity_asv_sim/ROS-TCP-Endpoint -DCATKIN_INSTALL_INTO_PREFIX_ROOT=0 -DCMAKE_INSTALL_PREFIX=/mnt/c/Users/Kyomoto/main_ws/unity_asv_sim/ROS-TCP-Endpoint/install/ros_tcp_endpoint
[2.954s] [31mCMake Error at CMakeLists.txt:4 (find_package):
[2.955s]   By not providing "Findcatkin.cmake" in CMAKE_MODULE_PATH this project has
[2.957s]   asked CMake to find a package configuration file provided by "catkin", but
[2.957s]   CMake did not find one.
[2.958s] 
[2.959s]   Could not find a package configuration file provided by "catkin" with any
[2.960s]   of the following names:
[2.962s] 
[2.963s]     catkinConfig.cmake
[2.964s]     catkin-config.cmake
[2.965s] 
[2.966s]   Add the installation prefix of "catkin" to CMAKE_PREFIX_PATH or set
[2.975s]   "catkin_DIR" to a directory containing one of the above files.  If "catkin"
[2.977s]   provides a separate development package or SDK, be sure it has been
[2.978s]   installed.
[2.980s] 
[2.982s] [0m
[2.984s] -- Configuring incomplete, errors occurred!
[2.985s] See also "/mnt/c/Users/Kyomoto/main_ws/unity_asv_sim/ROS-TCP-Endpoint/build/ros_tcp_endpoint/CMakeFiles/CMakeOutput.log".
[2.988s] Invoked command in '/mnt/c/Users/Kyomoto/main_ws/unity_asv_sim/ROS-TCP-Endpoint/build/ros_tcp_endpoint' returned '1': /usr/bin/cmake /mnt/c/Users/Kyomoto/main_ws/unity_asv_sim/ROS-TCP-Endpoint -DCATKIN_INSTALL_INTO_PREFIX_ROOT=0 -DCMAKE_INSTALL_PREFIX=/mnt/c/Users/Kyomoto/main_ws/unity_asv_sim/ROS-TCP-Endpoint/install/ros_tcp_endpoint
