[1.148s] DEBUG:colcon:Command line arguments: ['/usr/bin/colcon', 'build']
[1.149s] DEBUG:colcon:Parsed command line arguments: Namespace(log_base=None, log_level=None, verb_name='build', build_base='build', install_base='install', merge_install=False, symlink_install=False, test_result_base=None, continue_on_error=False, executor='parallel', parallel_workers=20, event_handlers=None, ignore_user_meta=False, metas=['./colcon.meta'], base_paths=['.'], packages_ignore=None, packages_ignore_regex=None, paths=None, packages_up_to=None, packages_up_to_regex=None, packages_above=None, packages_above_and_dependencies=None, packages_above_depth=None, packages_select_by_dep=None, packages_skip_by_dep=None, packages_skip_up_to=None, packages_select_build_failed=False, packages_skip_build_finished=False, packages_select_test_failures=False, packages_skip_test_passed=False, packages_select=None, packages_skip=None, packages_select_regex=None, packages_skip_regex=None, packages_start=None, packages_end=None, allow_overriding=[], cmake_args=None, cmake_target=None, cmake_target_skip_unavailable=False, cmake_clean_cache=False, cmake_clean_first=False, cmake_force_configure=False, ament_cmake_args=None, catkin_cmake_args=None, catkin_skip_building_tests=False, verb_parser=<colcon_defaults.argument_parser.defaults.DefaultArgumentsDecorator object at 0x7fa45248fd00>, verb_extension=<colcon_core.verb.build.BuildVerb object at 0x7fa4525d1030>, main=<bound method BuildVerb.main of <colcon_core.verb.build.BuildVerb object at 0x7fa4525d1030>>)
[1.413s] Level 1:colcon.colcon_core.package_discovery:discover_packages(colcon_meta) check parameters
[1.415s] Level 1:colcon.colcon_core.package_discovery:discover_packages(recursive) check parameters
[1.416s] Level 1:colcon.colcon_core.package_discovery:discover_packages(ignore) check parameters
[1.417s] Level 1:colcon.colcon_core.package_discovery:discover_packages(path) check parameters
[1.418s] Level 1:colcon.colcon_core.package_discovery:discover_packages(colcon_meta) discover
[1.419s] Level 1:colcon.colcon_core.package_discovery:discover_packages(recursive) discover
[1.421s] INFO:colcon.colcon_core.package_discovery:Crawling recursively for packages in '/mnt/c/Users/Kyomoto/main_ws/unity_asv_sim/ROS-TCP-Endpoint'
[1.429s] Level 1:colcon.colcon_core.package_identification:_identify(.) by extensions ['ignore', 'ignore_ament_install']
[1.431s] Level 1:colcon.colcon_core.package_identification:_identify(.) by extension 'ignore'
[1.433s] Level 1:colcon.colcon_core.package_identification:_identify(.) by extension 'ignore_ament_install'
[1.436s] Level 1:colcon.colcon_core.package_identification:_identify(.) by extensions ['colcon_pkg']
[1.437s] Level 1:colcon.colcon_core.package_identification:_identify(.) by extension 'colcon_pkg'
[1.439s] Level 1:colcon.colcon_core.package_identification:_identify(.) by extensions ['colcon_meta']
[1.441s] Level 1:colcon.colcon_core.package_identification:_identify(.) by extension 'colcon_meta'
[1.442s] Level 1:colcon.colcon_core.package_identification:_identify(.) by extensions ['ros']
[1.443s] Level 1:colcon.colcon_core.package_identification:_identify(.) by extension 'ros'
[1.490s] DEBUG:colcon.colcon_core.package_identification:Package '.' with type 'ros.ament_python' and name 'ros_tcp_endpoint'
[1.491s] Level 1:colcon.colcon_core.package_discovery:discover_packages(recursive) using defaults
[1.492s] Level 1:colcon.colcon_core.package_discovery:discover_packages(ignore) discover
[1.493s] Level 1:colcon.colcon_core.package_discovery:discover_packages(ignore) using defaults
[1.494s] Level 1:colcon.colcon_core.package_discovery:discover_packages(path) discover
[1.495s] Level 1:colcon.colcon_core.package_discovery:discover_packages(path) using defaults
[1.539s] Level 1:colcon.colcon_core.package_discovery:discover_packages(prefix_path) check parameters
[1.540s] Level 1:colcon.colcon_core.package_discovery:discover_packages(prefix_path) discover
[1.544s] DEBUG:colcon.colcon_installed_package_information.package_discovery:Found 276 installed packages in /opt/ros/humble
[1.560s] Level 1:colcon.colcon_core.package_discovery:discover_packages(prefix_path) using defaults
[1.620s] Level 5:colcon.colcon_core.verb:set package 'ros_tcp_endpoint' build argument 'cmake_args' from command line to 'None'
[1.621s] Level 5:colcon.colcon_core.verb:set package 'ros_tcp_endpoint' build argument 'cmake_target' from command line to 'None'
[1.622s] Level 5:colcon.colcon_core.verb:set package 'ros_tcp_endpoint' build argument 'cmake_target_skip_unavailable' from command line to 'False'
[1.623s] Level 5:colcon.colcon_core.verb:set package 'ros_tcp_endpoint' build argument 'cmake_clean_cache' from command line to 'False'
[1.624s] Level 5:colcon.colcon_core.verb:set package 'ros_tcp_endpoint' build argument 'cmake_clean_first' from command line to 'False'
[1.625s] Level 5:colcon.colcon_core.verb:set package 'ros_tcp_endpoint' build argument 'cmake_force_configure' from command line to 'False'
[1.626s] Level 5:colcon.colcon_core.verb:set package 'ros_tcp_endpoint' build argument 'ament_cmake_args' from command line to 'None'
[1.627s] Level 5:colcon.colcon_core.verb:set package 'ros_tcp_endpoint' build argument 'catkin_cmake_args' from command line to 'None'
[1.628s] Level 5:colcon.colcon_core.verb:set package 'ros_tcp_endpoint' build argument 'catkin_skip_building_tests' from command line to 'False'
[1.628s] DEBUG:colcon.colcon_core.verb:Building package 'ros_tcp_endpoint' with the following arguments: {'ament_cmake_args': None, 'build_base': '/mnt/c/Users/Kyomoto/main_ws/unity_asv_sim/ROS-TCP-Endpoint/build/ros_tcp_endpoint', 'catkin_cmake_args': None, 'catkin_skip_building_tests': False, 'cmake_args': None, 'cmake_clean_cache': False, 'cmake_clean_first': False, 'cmake_force_configure': False, 'cmake_target': None, 'cmake_target_skip_unavailable': False, 'install_base': '/mnt/c/Users/Kyomoto/main_ws/unity_asv_sim/ROS-TCP-Endpoint/install/ros_tcp_endpoint', 'merge_install': False, 'path': '/mnt/c/Users/Kyomoto/main_ws/unity_asv_sim/ROS-TCP-Endpoint', 'symlink_install': False, 'test_result_base': None}
[1.630s] INFO:colcon.colcon_core.executor:Executing jobs using 'parallel' executor
[1.632s] DEBUG:colcon.colcon_parallel_executor.executor.parallel:run_until_complete
[1.633s] INFO:colcon.colcon_ros.task.ament_python.build:Building ROS package in '/mnt/c/Users/Kyomoto/main_ws/unity_asv_sim/ROS-TCP-Endpoint' with build type 'ament_python'
[1.634s] Level 1:colcon.colcon_core.shell:create_environment_hook('ros_tcp_endpoint', 'ament_prefix_path')
[1.637s] INFO:colcon.colcon_core.plugin_system:Skipping extension 'colcon_core.shell.bat': Not used on non-Windows systems
[1.638s] INFO:colcon.colcon_core.shell:Creating environment hook '/mnt/c/Users/Kyomoto/main_ws/unity_asv_sim/ROS-TCP-Endpoint/install/ros_tcp_endpoint/share/ros_tcp_endpoint/hook/ament_prefix_path.ps1'
[1.715s] INFO:colcon.colcon_core.shell:Creating environment descriptor '/mnt/c/Users/Kyomoto/main_ws/unity_asv_sim/ROS-TCP-Endpoint/install/ros_tcp_endpoint/share/ros_tcp_endpoint/hook/ament_prefix_path.dsv'
[1.791s] INFO:colcon.colcon_core.shell:Creating environment hook '/mnt/c/Users/Kyomoto/main_ws/unity_asv_sim/ROS-TCP-Endpoint/install/ros_tcp_endpoint/share/ros_tcp_endpoint/hook/ament_prefix_path.sh'
[1.863s] INFO:colcon.colcon_core.shell:Skip shell extension 'powershell' for command environment: Not usable outside of PowerShell
[1.864s] DEBUG:colcon.colcon_core.shell:Skip shell extension 'dsv' for command environment
[2.488s] INFO:colcon.colcon_core.task.python.build:Building Python package in '/mnt/c/Users/Kyomoto/main_ws/unity_asv_sim/ROS-TCP-Endpoint'
[2.489s] INFO:colcon.colcon_core.shell:Skip shell extension 'powershell' for command environment: Not usable outside of PowerShell
[2.491s] DEBUG:colcon.colcon_core.shell:Skip shell extension 'dsv' for command environment
[6.831s] DEBUG:colcon.colcon_core.event_handler.log_command:Invoking command in '/mnt/c/Users/Kyomoto/main_ws/unity_asv_sim/ROS-TCP-Endpoint': PYTHONPATH=/mnt/c/Users/Kyomoto/main_ws/unity_asv_sim/ROS-TCP-Endpoint/build/ros_tcp_endpoint/prefix_override:/usr/lib/python3/dist-packages/colcon_core/task/python/colcon_distutils_commands:/mnt/c/Users/Kyomoto/main_ws/unity_asv_sim/ROS-TCP-Endpoint/install/ros_tcp_endpoint/lib/python3.10/site-packages:${PYTHONPATH} /usr/bin/python3 -W ignore:setup.py install is deprecated setup.py egg_info --egg-base build/ros_tcp_endpoint build --build-base /mnt/c/Users/Kyomoto/main_ws/unity_asv_sim/ROS-TCP-Endpoint/build/ros_tcp_endpoint/build install --record /mnt/c/Users/Kyomoto/main_ws/unity_asv_sim/ROS-TCP-Endpoint/build/ros_tcp_endpoint/install.log --install-scripts $base/lib/ros_tcp_endpoint --single-version-externally-managed install_data
[16.752s] Level 1:colcon.colcon_core.environment:checking '/mnt/c/Users/Kyomoto/main_ws/unity_asv_sim/ROS-TCP-Endpoint/install/ros_tcp_endpoint' for CMake module files
[16.754s] DEBUG:colcon.colcon_core.event_handler.log_command:Invoked command in '/mnt/c/Users/Kyomoto/main_ws/unity_asv_sim/ROS-TCP-Endpoint' returned '0': PYTHONPATH=/mnt/c/Users/Kyomoto/main_ws/unity_asv_sim/ROS-TCP-Endpoint/build/ros_tcp_endpoint/prefix_override:/usr/lib/python3/dist-packages/colcon_core/task/python/colcon_distutils_commands:/mnt/c/Users/Kyomoto/main_ws/unity_asv_sim/ROS-TCP-Endpoint/install/ros_tcp_endpoint/lib/python3.10/site-packages:${PYTHONPATH} /usr/bin/python3 -W ignore:setup.py install is deprecated setup.py egg_info --egg-base build/ros_tcp_endpoint build --build-base /mnt/c/Users/Kyomoto/main_ws/unity_asv_sim/ROS-TCP-Endpoint/build/ros_tcp_endpoint/build install --record /mnt/c/Users/Kyomoto/main_ws/unity_asv_sim/ROS-TCP-Endpoint/build/ros_tcp_endpoint/install.log --install-scripts $base/lib/ros_tcp_endpoint --single-version-externally-managed install_data
[17.072s] Level 1:colcon.colcon_core.environment:checking '/mnt/c/Users/Kyomoto/main_ws/unity_asv_sim/ROS-TCP-Endpoint/install/ros_tcp_endpoint' for CMake config files
[17.562s] Level 1:colcon.colcon_core.environment:checking '/mnt/c/Users/Kyomoto/main_ws/unity_asv_sim/ROS-TCP-Endpoint/install/ros_tcp_endpoint/lib'
[17.585s] Level 1:colcon.colcon_core.environment:checking '/mnt/c/Users/Kyomoto/main_ws/unity_asv_sim/ROS-TCP-Endpoint/install/ros_tcp_endpoint/bin'
[17.591s] Level 1:colcon.colcon_core.environment:checking '/mnt/c/Users/Kyomoto/main_ws/unity_asv_sim/ROS-TCP-Endpoint/install/ros_tcp_endpoint/lib/pkgconfig/ros_tcp_endpoint.pc'
[17.602s] Level 1:colcon.colcon_core.environment:checking '/mnt/c/Users/Kyomoto/main_ws/unity_asv_sim/ROS-TCP-Endpoint/install/ros_tcp_endpoint/lib/python3.10/site-packages'
[17.650s] Level 1:colcon.colcon_core.shell:create_environment_hook('ros_tcp_endpoint', 'pythonpath')
[17.652s] INFO:colcon.colcon_core.shell:Creating environment hook '/mnt/c/Users/Kyomoto/main_ws/unity_asv_sim/ROS-TCP-Endpoint/install/ros_tcp_endpoint/share/ros_tcp_endpoint/hook/pythonpath.ps1'
[17.729s] INFO:colcon.colcon_core.shell:Creating environment descriptor '/mnt/c/Users/Kyomoto/main_ws/unity_asv_sim/ROS-TCP-Endpoint/install/ros_tcp_endpoint/share/ros_tcp_endpoint/hook/pythonpath.dsv'
[17.792s] INFO:colcon.colcon_core.shell:Creating environment hook '/mnt/c/Users/Kyomoto/main_ws/unity_asv_sim/ROS-TCP-Endpoint/install/ros_tcp_endpoint/share/ros_tcp_endpoint/hook/pythonpath.sh'
[17.868s] Level 1:colcon.colcon_core.environment:checking '/mnt/c/Users/Kyomoto/main_ws/unity_asv_sim/ROS-TCP-Endpoint/install/ros_tcp_endpoint/bin'
[17.874s] Level 1:colcon.colcon_core.environment:create_environment_scripts_only(ros_tcp_endpoint)
[17.875s] INFO:colcon.colcon_core.shell:Creating package script '/mnt/c/Users/Kyomoto/main_ws/unity_asv_sim/ROS-TCP-Endpoint/install/ros_tcp_endpoint/share/ros_tcp_endpoint/package.ps1'
[17.935s] INFO:colcon.colcon_core.shell:Creating package descriptor '/mnt/c/Users/Kyomoto/main_ws/unity_asv_sim/ROS-TCP-Endpoint/install/ros_tcp_endpoint/share/ros_tcp_endpoint/package.dsv'
[17.994s] INFO:colcon.colcon_core.shell:Creating package script '/mnt/c/Users/Kyomoto/main_ws/unity_asv_sim/ROS-TCP-Endpoint/install/ros_tcp_endpoint/share/ros_tcp_endpoint/package.sh'
[18.053s] INFO:colcon.colcon_core.shell:Creating package script '/mnt/c/Users/Kyomoto/main_ws/unity_asv_sim/ROS-TCP-Endpoint/install/ros_tcp_endpoint/share/ros_tcp_endpoint/package.bash'
[18.110s] INFO:colcon.colcon_core.shell:Creating package script '/mnt/c/Users/Kyomoto/main_ws/unity_asv_sim/ROS-TCP-Endpoint/install/ros_tcp_endpoint/share/ros_tcp_endpoint/package.zsh'
[18.171s] Level 1:colcon.colcon_core.environment:create_file_with_runtime_dependencies(/mnt/c/Users/Kyomoto/main_ws/unity_asv_sim/ROS-TCP-Endpoint/install/ros_tcp_endpoint/share/colcon-core/packages/ros_tcp_endpoint)
[18.214s] DEBUG:colcon.colcon_parallel_executor.executor.parallel:closing loop
[18.216s] DEBUG:colcon.colcon_parallel_executor.executor.parallel:loop closed
[18.217s] DEBUG:colcon.colcon_parallel_executor.executor.parallel:run_until_complete finished with '0'
[18.218s] DEBUG:colcon.colcon_core.event_reactor:joining thread
[18.680s] INFO:colcon.colcon_core.plugin_system:Skipping extension 'colcon_notification.desktop_notification.notify_send': Could not find 'notify-send'
[18.681s] INFO:colcon.colcon_core.plugin_system:Skipping extension 'colcon_notification.desktop_notification.terminal_notifier': Not used on non-Darwin systems
[18.682s] INFO:colcon.colcon_core.plugin_system:Skipping extension 'colcon_notification.desktop_notification.win32': Not used on non-Windows systems
[18.683s] INFO:colcon.colcon_notification.desktop_notification:Sending desktop notification using 'notify2'
[18.685s] DEBUG:colcon.colcon_notification.desktop_notification.notify2:Failed to initialize notify2: org.freedesktop.DBus.Error.FileNotFound: Failed to connect to socket /run/user/0/bus: No such file or directory
[18.686s] DEBUG:colcon.colcon_core.event_reactor:joined thread
[18.688s] INFO:colcon.colcon_core.shell:Creating prefix script '/mnt/c/Users/Kyomoto/main_ws/unity_asv_sim/ROS-TCP-Endpoint/install/local_setup.ps1'
[18.726s] INFO:colcon.colcon_core.shell:Creating prefix util module '/mnt/c/Users/Kyomoto/main_ws/unity_asv_sim/ROS-TCP-Endpoint/install/_local_setup_util_ps1.py'
[18.785s] INFO:colcon.colcon_core.shell:Creating prefix chain script '/mnt/c/Users/Kyomoto/main_ws/unity_asv_sim/ROS-TCP-Endpoint/install/setup.ps1'
[18.813s] INFO:colcon.colcon_core.shell:Creating prefix script '/mnt/c/Users/Kyomoto/main_ws/unity_asv_sim/ROS-TCP-Endpoint/install/local_setup.sh'
[18.840s] INFO:colcon.colcon_core.shell:Creating prefix util module '/mnt/c/Users/Kyomoto/main_ws/unity_asv_sim/ROS-TCP-Endpoint/install/_local_setup_util_sh.py'
[18.866s] INFO:colcon.colcon_core.shell:Creating prefix chain script '/mnt/c/Users/Kyomoto/main_ws/unity_asv_sim/ROS-TCP-Endpoint/install/setup.sh'
[18.889s] INFO:colcon.colcon_core.shell:Creating prefix script '/mnt/c/Users/Kyomoto/main_ws/unity_asv_sim/ROS-TCP-Endpoint/install/local_setup.bash'
[18.933s] INFO:colcon.colcon_core.shell:Creating prefix chain script '/mnt/c/Users/Kyomoto/main_ws/unity_asv_sim/ROS-TCP-Endpoint/install/setup.bash'
[18.959s] INFO:colcon.colcon_core.shell:Creating prefix script '/mnt/c/Users/Kyomoto/main_ws/unity_asv_sim/ROS-TCP-Endpoint/install/local_setup.zsh'
[18.986s] INFO:colcon.colcon_core.shell:Creating prefix chain script '/mnt/c/Users/Kyomoto/main_ws/unity_asv_sim/ROS-TCP-Endpoint/install/setup.zsh'
