[6.978s] Invoking command in '/mnt/c/Users/Kyomoto/main_ws/unity_asv_sim/ROS-TCP-Endpoint': PYTHONPATH=/mnt/c/Users/Kyomoto/main_ws/unity_asv_sim/ROS-TCP-Endpoint/build/ros_tcp_endpoint/prefix_override:/usr/lib/python3/dist-packages/colcon_core/task/python/colcon_distutils_commands:/mnt/c/Users/Kyomoto/main_ws/unity_asv_sim/ROS-TCP-Endpoint/install/ros_tcp_endpoint/lib/python3.10/site-packages:${PYTHONPATH} /usr/bin/python3 -W ignore:setup.py install is deprecated setup.py egg_info --egg-base build/ros_tcp_endpoint build --build-base /mnt/c/Users/Kyomoto/main_ws/unity_asv_sim/ROS-TCP-Endpoint/build/ros_tcp_endpoint/build install --record /mnt/c/Users/Kyomoto/main_ws/unity_asv_sim/ROS-TCP-Endpoint/build/ros_tcp_endpoint/install.log --install-scripts $base/lib/ros_tcp_endpoint --single-version-externally-managed install_data
[9.956s] /usr/lib/python3/dist-packages/setuptools/dist.py:723: UserWarning: Usage of dash-separated 'script-dir' will not be supported in future versions. Please use the underscore name 'script_dir' instead
[9.959s]   warnings.warn(
[10.041s] running egg_info
[10.059s] writing build/ros_tcp_endpoint/ros_tcp_endpoint.egg-info/PKG-INFO
[10.095s] writing dependency_links to build/ros_tcp_endpoint/ros_tcp_endpoint.egg-info/dependency_links.txt
[10.118s] writing entry points to build/ros_tcp_endpoint/ros_tcp_endpoint.egg-info/entry_points.txt
[10.149s] writing requirements to build/ros_tcp_endpoint/ros_tcp_endpoint.egg-info/requires.txt
[10.165s] writing top-level names to build/ros_tcp_endpoint/ros_tcp_endpoint.egg-info/top_level.txt
[10.365s] reading manifest file 'build/ros_tcp_endpoint/ros_tcp_endpoint.egg-info/SOURCES.txt'
[10.610s] adding license file 'LICENSE'
[10.760s] writing manifest file 'build/ros_tcp_endpoint/ros_tcp_endpoint.egg-info/SOURCES.txt'
[10.768s] running build
[10.778s] running build_py
[11.447s] running install
[11.450s] running install_lib
[13.598s] running install_data
[13.782s] running install_egg_info
[13.835s] removing '/mnt/c/Users/Kyomoto/main_ws/unity_asv_sim/ROS-TCP-Endpoint/install/ros_tcp_endpoint/lib/python3.10/site-packages/ros_tcp_endpoint-0.0.1-py3.10.egg-info' (and everything under it)
[14.101s] Copying build/ros_tcp_endpoint/ros_tcp_endpoint.egg-info to /mnt/c/Users/Kyomoto/main_ws/unity_asv_sim/ROS-TCP-Endpoint/install/ros_tcp_endpoint/lib/python3.10/site-packages/ros_tcp_endpoint-0.0.1-py3.10.egg-info
[15.467s] running install_scripts
[15.681s] Installing default_server_endpoint script to /mnt/c/Users/Kyomoto/main_ws/unity_asv_sim/ROS-TCP-Endpoint/install/ros_tcp_endpoint/lib/ros_tcp_endpoint
[15.722s] writing list of installed files to '/mnt/c/Users/Kyomoto/main_ws/unity_asv_sim/ROS-TCP-Endpoint/build/ros_tcp_endpoint/install.log'
[15.775s] Invoked command in '/mnt/c/Users/Kyomoto/main_ws/unity_asv_sim/ROS-TCP-Endpoint' returned '0': PYTHONPATH=/mnt/c/Users/Kyomoto/main_ws/unity_asv_sim/ROS-TCP-Endpoint/build/ros_tcp_endpoint/prefix_override:/usr/lib/python3/dist-packages/colcon_core/task/python/colcon_distutils_commands:/mnt/c/Users/Kyomoto/main_ws/unity_asv_sim/ROS-TCP-Endpoint/install/ros_tcp_endpoint/lib/python3.10/site-packages:${PYTHONPATH} /usr/bin/python3 -W ignore:setup.py install is deprecated setup.py egg_info --egg-base build/ros_tcp_endpoint build --build-base /mnt/c/Users/Kyomoto/main_ws/unity_asv_sim/ROS-TCP-Endpoint/build/ros_tcp_endpoint/build install --record /mnt/c/Users/Kyomoto/main_ws/unity_asv_sim/ROS-TCP-Endpoint/build/ros_tcp_endpoint/install.log --install-scripts $base/lib/ros_tcp_endpoint --single-version-externally-managed install_data
