[1.031s] Invoking command in 'C:\Users\Kyomoto\asvsim\ROS-TCP-Endpoint': PIXI_PROMPT=(robostack:humble) PUBLIC=%PUBLIC%
PyCharm Community Edition=E:\pycharm\PyCharm Community Edition 2023.2.1\bin; PYTHONPATH=C:\Users\Kyomoto\asvsim\ROS-TCP-Endpoint\build\ros_tcp_endpoint\prefix_override;C:\Users\Kyomoto\asvsim\robostack\.pixi\envs\humble\Lib\site-packages\colcon_core\task\python\colcon_distutils_commands;C:\Users\Kyomoto\asvsim\ROS-TCP-Endpoint\install\ros_tcp_endpoint\Lib\site-packages;%PYTHONPATH% C:\Users\Kyomoto\asvsim\robostack\.pixi\envs\humble\python.exe -W ignore:setup.py install is deprecated -W ignore:easy_install command is deprecated setup.py egg_info --egg-base build\ros_tcp_endpoint build --build-base C:\Users\Kyomoto\asvsim\ROS-TCP-Endpoint\build\ros_tcp_endpoint\build install --record C:\Users\Kyomoto\asvsim\ROS-TCP-Endpoint\build\ros_tcp_endpoint\install.log --install-scripts $base/lib/ros_tcp_endpoint --single-version-externally-managed install_data
[1.219s] C:\Users\Kyomoto\asvsim\robostack\.pixi\envs\humble\Lib\site-packages\setuptools\dist.py:599: SetuptoolsDeprecationWarning: Invalid dash-separated key 'script-dir' in 'develop' (setup.cfg), please use the underscore name 'script_dir' instead.
[1.219s] !!
[1.219s] 
[1.219s]         ********************************************************************************
[1.219s]         Usage of dash-separated 'script-dir' will not be supported in future
[1.219s]         versions. Please use the underscore name 'script_dir' instead.
[1.219s] 
[1.219s]         By 2026-Mar-03, you need to update your project and remove deprecated calls
[1.219s]         or your builds will no longer be supported.
[1.219s] 
[1.219s]         See https://setuptools.pypa.io/en/latest/userguide/declarative_config.html for details.
[1.219s]         ********************************************************************************
[1.219s] 
[1.219s] !!
[1.219s]   opt = self._enforce_underscore(opt, section)
[1.234s] C:\Users\Kyomoto\asvsim\robostack\.pixi\envs\humble\Lib\site-packages\setuptools\_distutils\dist.py:289: UserWarning: Unknown distribution option: 'tests_require'
[1.234s]   warnings.warn(msg)
[1.266s] C:\Users\Kyomoto\asvsim\robostack\.pixi\envs\humble\Lib\site-packages\setuptools\dist.py:599: SetuptoolsDeprecationWarning: Invalid dash-separated key 'script-dir' in 'develop' (setup.cfg), please use the underscore name 'script_dir' instead.
[1.266s] !!
[1.266s] 
[1.266s]         ********************************************************************************
[1.266s]         Usage of dash-separated 'script-dir' will not be supported in future
[1.266s]         versions. Please use the underscore name 'script_dir' instead.
[1.266s]         (Affected: ros_tcp_endpoint).
[1.266s] 
[1.266s]         By 2026-Mar-03, you need to update your project and remove deprecated calls
[1.266s]         or your builds will no longer be supported.
[1.266s] 
[1.266s]         See https://setuptools.pypa.io/en/latest/userguide/declarative_config.html for details.
[1.266s]         ********************************************************************************
[1.266s] 
[1.266s] !!
[1.266s]   opt = self._enforce_underscore(opt, section)
[1.344s] running egg_info
[1.359s] writing build\ros_tcp_endpoint\ros_tcp_endpoint.egg-info\PKG-INFO
[1.375s] writing dependency_links to build\ros_tcp_endpoint\ros_tcp_endpoint.egg-info\dependency_links.txt
[1.375s] writing entry points to build\ros_tcp_endpoint\ros_tcp_endpoint.egg-info\entry_points.txt
[1.375s] writing requirements to build\ros_tcp_endpoint\ros_tcp_endpoint.egg-info\requires.txt
[1.375s] writing top-level names to build\ros_tcp_endpoint\ros_tcp_endpoint.egg-info\top_level.txt
[1.406s] reading manifest file 'build\ros_tcp_endpoint\ros_tcp_endpoint.egg-info\SOURCES.txt'
[1.422s] adding license file 'LICENSE'
[1.422s] writing manifest file 'build\ros_tcp_endpoint\ros_tcp_endpoint.egg-info\SOURCES.txt'
[1.422s] running build
[1.422s] running build_py
[1.422s] copying ros_tcp_endpoint\client.py -> C:\Users\Kyomoto\asvsim\ROS-TCP-Endpoint\build\ros_tcp_endpoint\build\lib\ros_tcp_endpoint
[1.437s] copying ros_tcp_endpoint\communication.py -> C:\Users\Kyomoto\asvsim\ROS-TCP-Endpoint\build\ros_tcp_endpoint\build\lib\ros_tcp_endpoint
[1.469s] copying ros_tcp_endpoint\default_server_endpoint.py -> C:\Users\Kyomoto\asvsim\ROS-TCP-Endpoint\build\ros_tcp_endpoint\build\lib\ros_tcp_endpoint
[1.469s] copying ros_tcp_endpoint\exceptions.py -> C:\Users\Kyomoto\asvsim\ROS-TCP-Endpoint\build\ros_tcp_endpoint\build\lib\ros_tcp_endpoint
[1.484s] copying ros_tcp_endpoint\publisher.py -> C:\Users\Kyomoto\asvsim\ROS-TCP-Endpoint\build\ros_tcp_endpoint\build\lib\ros_tcp_endpoint
[1.500s] copying ros_tcp_endpoint\server.py -> C:\Users\Kyomoto\asvsim\ROS-TCP-Endpoint\build\ros_tcp_endpoint\build\lib\ros_tcp_endpoint
[1.531s] copying ros_tcp_endpoint\service.py -> C:\Users\Kyomoto\asvsim\ROS-TCP-Endpoint\build\ros_tcp_endpoint\build\lib\ros_tcp_endpoint
[1.547s] copying ros_tcp_endpoint\subscriber.py -> C:\Users\Kyomoto\asvsim\ROS-TCP-Endpoint\build\ros_tcp_endpoint\build\lib\ros_tcp_endpoint
[1.562s] copying ros_tcp_endpoint\tcp_sender.py -> C:\Users\Kyomoto\asvsim\ROS-TCP-Endpoint\build\ros_tcp_endpoint\build\lib\ros_tcp_endpoint
[1.578s] copying ros_tcp_endpoint\thread_pauser.py -> C:\Users\Kyomoto\asvsim\ROS-TCP-Endpoint\build\ros_tcp_endpoint\build\lib\ros_tcp_endpoint
[1.594s] copying ros_tcp_endpoint\unity_service.py -> C:\Users\Kyomoto\asvsim\ROS-TCP-Endpoint\build\ros_tcp_endpoint\build\lib\ros_tcp_endpoint
[1.609s] copying ros_tcp_endpoint\__init__.py -> C:\Users\Kyomoto\asvsim\ROS-TCP-Endpoint\build\ros_tcp_endpoint\build\lib\ros_tcp_endpoint
[1.609s] running install
[1.609s] running install_lib
[1.641s] creating C:\Users\Kyomoto\asvsim\ROS-TCP-Endpoint\install\ros_tcp_endpoint\Lib\site-packages\ros_tcp_endpoint
[1.641s] copying C:\Users\Kyomoto\asvsim\ROS-TCP-Endpoint\build\ros_tcp_endpoint\build\lib\ros_tcp_endpoint\client.py -> C:\Users\Kyomoto\asvsim\ROS-TCP-Endpoint\install\ros_tcp_endpoint\Lib\site-packages\ros_tcp_endpoint
[1.672s] copying C:\Users\Kyomoto\asvsim\ROS-TCP-Endpoint\build\ros_tcp_endpoint\build\lib\ros_tcp_endpoint\communication.py -> C:\Users\Kyomoto\asvsim\ROS-TCP-Endpoint\install\ros_tcp_endpoint\Lib\site-packages\ros_tcp_endpoint
[1.672s] copying C:\Users\Kyomoto\asvsim\ROS-TCP-Endpoint\build\ros_tcp_endpoint\build\lib\ros_tcp_endpoint\default_server_endpoint.py -> C:\Users\Kyomoto\asvsim\ROS-TCP-Endpoint\install\ros_tcp_endpoint\Lib\site-packages\ros_tcp_endpoint
[1.672s] copying C:\Users\Kyomoto\asvsim\ROS-TCP-Endpoint\build\ros_tcp_endpoint\build\lib\ros_tcp_endpoint\exceptions.py -> C:\Users\Kyomoto\asvsim\ROS-TCP-Endpoint\install\ros_tcp_endpoint\Lib\site-packages\ros_tcp_endpoint
[1.672s] copying C:\Users\Kyomoto\asvsim\ROS-TCP-Endpoint\build\ros_tcp_endpoint\build\lib\ros_tcp_endpoint\publisher.py -> C:\Users\Kyomoto\asvsim\ROS-TCP-Endpoint\install\ros_tcp_endpoint\Lib\site-packages\ros_tcp_endpoint
[1.672s] copying C:\Users\Kyomoto\asvsim\ROS-TCP-Endpoint\build\ros_tcp_endpoint\build\lib\ros_tcp_endpoint\server.py -> C:\Users\Kyomoto\asvsim\ROS-TCP-Endpoint\install\ros_tcp_endpoint\Lib\site-packages\ros_tcp_endpoint
[1.687s] copying C:\Users\Kyomoto\asvsim\ROS-TCP-Endpoint\build\ros_tcp_endpoint\build\lib\ros_tcp_endpoint\service.py -> C:\Users\Kyomoto\asvsim\ROS-TCP-Endpoint\install\ros_tcp_endpoint\Lib\site-packages\ros_tcp_endpoint
[1.687s] copying C:\Users\Kyomoto\asvsim\ROS-TCP-Endpoint\build\ros_tcp_endpoint\build\lib\ros_tcp_endpoint\subscriber.py -> C:\Users\Kyomoto\asvsim\ROS-TCP-Endpoint\install\ros_tcp_endpoint\Lib\site-packages\ros_tcp_endpoint
[1.687s] copying C:\Users\Kyomoto\asvsim\ROS-TCP-Endpoint\build\ros_tcp_endpoint\build\lib\ros_tcp_endpoint\tcp_sender.py -> C:\Users\Kyomoto\asvsim\ROS-TCP-Endpoint\install\ros_tcp_endpoint\Lib\site-packages\ros_tcp_endpoint
[1.719s] copying C:\Users\Kyomoto\asvsim\ROS-TCP-Endpoint\build\ros_tcp_endpoint\build\lib\ros_tcp_endpoint\thread_pauser.py -> C:\Users\Kyomoto\asvsim\ROS-TCP-Endpoint\install\ros_tcp_endpoint\Lib\site-packages\ros_tcp_endpoint
[1.719s] copying C:\Users\Kyomoto\asvsim\ROS-TCP-Endpoint\build\ros_tcp_endpoint\build\lib\ros_tcp_endpoint\unity_service.py -> C:\Users\Kyomoto\asvsim\ROS-TCP-Endpoint\install\ros_tcp_endpoint\Lib\site-packages\ros_tcp_endpoint
[1.719s] copying C:\Users\Kyomoto\asvsim\ROS-TCP-Endpoint\build\ros_tcp_endpoint\build\lib\ros_tcp_endpoint\__init__.py -> C:\Users\Kyomoto\asvsim\ROS-TCP-Endpoint\install\ros_tcp_endpoint\Lib\site-packages\ros_tcp_endpoint
[1.719s] byte-compiling C:\Users\Kyomoto\asvsim\ROS-TCP-Endpoint\install\ros_tcp_endpoint\Lib\site-packages\ros_tcp_endpoint\client.py to client.cpython-311.pyc
[1.734s] byte-compiling C:\Users\Kyomoto\asvsim\ROS-TCP-Endpoint\install\ros_tcp_endpoint\Lib\site-packages\ros_tcp_endpoint\communication.py to communication.cpython-311.pyc
[1.750s] byte-compiling C:\Users\Kyomoto\asvsim\ROS-TCP-Endpoint\install\ros_tcp_endpoint\Lib\site-packages\ros_tcp_endpoint\default_server_endpoint.py to default_server_endpoint.cpython-311.pyc
[1.750s] byte-compiling C:\Users\Kyomoto\asvsim\ROS-TCP-Endpoint\install\ros_tcp_endpoint\Lib\site-packages\ros_tcp_endpoint\exceptions.py to exceptions.cpython-311.pyc
[1.750s] byte-compiling C:\Users\Kyomoto\asvsim\ROS-TCP-Endpoint\install\ros_tcp_endpoint\Lib\site-packages\ros_tcp_endpoint\publisher.py to publisher.cpython-311.pyc
[1.750s] byte-compiling C:\Users\Kyomoto\asvsim\ROS-TCP-Endpoint\install\ros_tcp_endpoint\Lib\site-packages\ros_tcp_endpoint\server.py to server.cpython-311.pyc
[1.766s] byte-compiling C:\Users\Kyomoto\asvsim\ROS-TCP-Endpoint\install\ros_tcp_endpoint\Lib\site-packages\ros_tcp_endpoint\service.py to service.cpython-311.pyc
[1.766s] byte-compiling C:\Users\Kyomoto\asvsim\ROS-TCP-Endpoint\install\ros_tcp_endpoint\Lib\site-packages\ros_tcp_endpoint\subscriber.py to subscriber.cpython-311.pyc
[1.766s] byte-compiling C:\Users\Kyomoto\asvsim\ROS-TCP-Endpoint\install\ros_tcp_endpoint\Lib\site-packages\ros_tcp_endpoint\tcp_sender.py to tcp_sender.cpython-311.pyc
[1.797s] byte-compiling C:\Users\Kyomoto\asvsim\ROS-TCP-Endpoint\install\ros_tcp_endpoint\Lib\site-packages\ros_tcp_endpoint\thread_pauser.py to thread_pauser.cpython-311.pyc
[1.797s] byte-compiling C:\Users\Kyomoto\asvsim\ROS-TCP-Endpoint\install\ros_tcp_endpoint\Lib\site-packages\ros_tcp_endpoint\unity_service.py to unity_service.cpython-311.pyc
[1.797s] byte-compiling C:\Users\Kyomoto\asvsim\ROS-TCP-Endpoint\install\ros_tcp_endpoint\Lib\site-packages\ros_tcp_endpoint\__init__.py to __init__.cpython-311.pyc
[1.797s] running install_data
[1.797s] copying resource\ros_tcp_endpoint -> C:\Users\Kyomoto\asvsim\ROS-TCP-Endpoint\install\ros_tcp_endpoint\share\ament_index\resource_index\packages
[1.797s] copying package.xml -> C:\Users\Kyomoto\asvsim\ROS-TCP-Endpoint\install\ros_tcp_endpoint\share\ros_tcp_endpoint
[1.797s] copying launch\endpoint.py -> C:\Users\Kyomoto\asvsim\ROS-TCP-Endpoint\install\ros_tcp_endpoint\share\ros_tcp_endpoint\launch
[1.812s] running install_egg_info
[1.828s] Copying build\ros_tcp_endpoint\ros_tcp_endpoint.egg-info to C:\Users\Kyomoto\asvsim\ROS-TCP-Endpoint\install\ros_tcp_endpoint\Lib\site-packages\ros_tcp_endpoint-0.0.1-py3.11.egg-info
[1.891s] running install_scripts
[1.922s] Installing default_server_endpoint-script.py script to C:\Users\Kyomoto\asvsim\ROS-TCP-Endpoint\install\ros_tcp_endpoint\lib\ros_tcp_endpoint
[1.922s] Installing default_server_endpoint.exe script to C:\Users\Kyomoto\asvsim\ROS-TCP-Endpoint\install\ros_tcp_endpoint\lib\ros_tcp_endpoint
[1.922s] writing list of installed files to 'C:\Users\Kyomoto\asvsim\ROS-TCP-Endpoint\build\ros_tcp_endpoint\install.log'
[1.953s] Invoked command in 'C:\Users\Kyomoto\asvsim\ROS-TCP-Endpoint' returned '0': PIXI_PROMPT=(robostack:humble) PUBLIC=%PUBLIC%
PyCharm Community Edition=E:\pycharm\PyCharm Community Edition 2023.2.1\bin; PYTHONPATH=C:\Users\Kyomoto\asvsim\ROS-TCP-Endpoint\build\ros_tcp_endpoint\prefix_override;C:\Users\Kyomoto\asvsim\robostack\.pixi\envs\humble\Lib\site-packages\colcon_core\task\python\colcon_distutils_commands;C:\Users\Kyomoto\asvsim\ROS-TCP-Endpoint\install\ros_tcp_endpoint\Lib\site-packages;%PYTHONPATH% C:\Users\Kyomoto\asvsim\robostack\.pixi\envs\humble\python.exe -W ignore:setup.py install is deprecated -W ignore:easy_install command is deprecated setup.py egg_info --egg-base build\ros_tcp_endpoint build --build-base C:\Users\Kyomoto\asvsim\ROS-TCP-Endpoint\build\ros_tcp_endpoint\build install --record C:\Users\Kyomoto\asvsim\ROS-TCP-Endpoint\build\ros_tcp_endpoint\install.log --install-scripts $base/lib/ros_tcp_endpoint --single-version-externally-managed install_data
