[0.482s] [34mcolcon[0m [1;30mDEBUG[0m [32mCommand line arguments: ['C:\\Users\\Kyomoto\\asvsim\\robostack\\.pixi\\envs\\humble\\Scripts\\colcon', 'build'][0m
[0.483s] [34mcolcon[0m [1;30mDEBUG[0m [32mParsed command line arguments: Namespace(log_base=None, log_level=None, verb_name='build', build_base='build', install_base='install', merge_install=False, symlink_install=False, test_result_base=None, continue_on_error=False, executor='parallel', parallel_workers=20, event_handlers=None, ignore_user_meta=False, metas=['./colcon.meta'], base_paths=['.'], packages_ignore=None, packages_ignore_regex=None, paths=None, packages_up_to=None, packages_up_to_regex=None, packages_above=None, packages_above_and_dependencies=None, packages_above_depth=None, packages_select_by_dep=None, packages_skip_by_dep=None, packages_skip_up_to=None, packages_select_build_failed=False, packages_skip_build_finished=False, packages_select_test_failures=False, packages_skip_test_passed=False, packages_select=None, packages_skip=None, packages_select_regex=None, packages_skip_regex=None, packages_start=None, packages_end=None, cmake_args=None, cmake_target=None, cmake_target_skip_unavailable=False, cmake_clean_cache=False, cmake_clean_first=False, cmake_force_configure=False, ament_cmake_args=None, catkin_cmake_args=None, catkin_skip_building_tests=False, verb_parser=<colcon_defaults.argument_parser.defaults.DefaultArgumentsDecorator object at 0x000001555C4BE3D0>, verb_extension=<colcon_core.verb.build.BuildVerb object at 0x000001555E131310>, main=<bound method BuildVerb.main of <colcon_core.verb.build.BuildVerb object at 0x000001555E131310>>)[0m
[0.715s] [34mcolcon.colcon_core.package_discovery[0m [1;30mLevel 1[0m discover_packages(colcon_meta) check parameters
[0.715s] [34mcolcon.colcon_core.package_discovery[0m [1;30mLevel 1[0m discover_packages(recursive) check parameters
[0.715s] [34mcolcon.colcon_core.package_discovery[0m [1;30mLevel 1[0m discover_packages(ignore) check parameters
[0.715s] [34mcolcon.colcon_core.package_discovery[0m [1;30mLevel 1[0m discover_packages(path) check parameters
[0.715s] [34mcolcon.colcon_core.package_discovery[0m [1;30mLevel 1[0m discover_packages(colcon_meta) discover
[0.715s] [34mcolcon.colcon_core.package_discovery[0m [1;30mLevel 1[0m discover_packages(recursive) discover
[0.715s] [34mcolcon.colcon_core.package_discovery[0m [1;30mINFO[0m Crawling recursively for packages in 'C:\Users\Kyomoto\asvsim\ROS-TCP-Endpoint'
[0.715s] [34mcolcon.colcon_core.package_identification[0m [1;30mLevel 1[0m _identify(.) by extensions ['ignore', 'ignore_ament_install']
[0.715s] [34mcolcon.colcon_core.package_identification[0m [1;30mLevel 1[0m _identify(.) by extension 'ignore'
[0.715s] [34mcolcon.colcon_core.package_identification[0m [1;30mLevel 1[0m _identify(.) by extension 'ignore_ament_install'
[0.716s] [34mcolcon.colcon_core.package_identification[0m [1;30mLevel 1[0m _identify(.) by extensions ['colcon_pkg']
[0.716s] [34mcolcon.colcon_core.package_identification[0m [1;30mLevel 1[0m _identify(.) by extension 'colcon_pkg'
[0.716s] [34mcolcon.colcon_core.package_identification[0m [1;30mLevel 1[0m _identify(.) by extensions ['colcon_meta']
[0.716s] [34mcolcon.colcon_core.package_identification[0m [1;30mLevel 1[0m _identify(.) by extension 'colcon_meta'
[0.716s] [34mcolcon.colcon_core.package_identification[0m [1;30mLevel 1[0m _identify(.) by extensions ['ros']
[0.716s] [34mcolcon.colcon_core.package_identification[0m [1;30mLevel 1[0m _identify(.) by extension 'ros'
[0.810s] [34mcolcon.colcon_core.package_identification[0m [1;30mDEBUG[0m [32mPackage '.' with type 'ros.ament_python' and name 'ros_tcp_endpoint'[0m
[0.810s] [34mcolcon.colcon_core.package_discovery[0m [1;30mLevel 1[0m discover_packages(recursive) using defaults
[0.812s] [34mcolcon.colcon_core.package_discovery[0m [1;30mLevel 1[0m discover_packages(ignore) discover
[0.812s] [34mcolcon.colcon_core.package_discovery[0m [1;30mLevel 1[0m discover_packages(ignore) using defaults
[0.812s] [34mcolcon.colcon_core.package_discovery[0m [1;30mLevel 1[0m discover_packages(path) discover
[0.812s] [34mcolcon.colcon_core.package_discovery[0m [1;30mLevel 1[0m discover_packages(path) using defaults
[0.871s] [34mcolcon.colcon_core.verb[0m [1;30mLevel 5[0m set package 'ros_tcp_endpoint' build argument 'cmake_args' from command line to 'None'
[0.871s] [34mcolcon.colcon_core.verb[0m [1;30mLevel 5[0m set package 'ros_tcp_endpoint' build argument 'cmake_target' from command line to 'None'
[0.871s] [34mcolcon.colcon_core.verb[0m [1;30mLevel 5[0m set package 'ros_tcp_endpoint' build argument 'cmake_target_skip_unavailable' from command line to 'False'
[0.871s] [34mcolcon.colcon_core.verb[0m [1;30mLevel 5[0m set package 'ros_tcp_endpoint' build argument 'cmake_clean_cache' from command line to 'False'
[0.871s] [34mcolcon.colcon_core.verb[0m [1;30mLevel 5[0m set package 'ros_tcp_endpoint' build argument 'cmake_clean_first' from command line to 'False'
[0.871s] [34mcolcon.colcon_core.verb[0m [1;30mLevel 5[0m set package 'ros_tcp_endpoint' build argument 'cmake_force_configure' from command line to 'False'
[0.872s] [34mcolcon.colcon_core.verb[0m [1;30mLevel 5[0m set package 'ros_tcp_endpoint' build argument 'ament_cmake_args' from command line to 'None'
[0.872s] [34mcolcon.colcon_core.verb[0m [1;30mLevel 5[0m set package 'ros_tcp_endpoint' build argument 'catkin_cmake_args' from command line to 'None'
[0.872s] [34mcolcon.colcon_core.verb[0m [1;30mLevel 5[0m set package 'ros_tcp_endpoint' build argument 'catkin_skip_building_tests' from command line to 'False'
[0.872s] [34mcolcon.colcon_core.verb[0m [1;30mDEBUG[0m [32mBuilding package 'ros_tcp_endpoint' with the following arguments: {'ament_cmake_args': None, 'build_base': 'C:\\Users\\Kyomoto\\asvsim\\ROS-TCP-Endpoint\\build\\ros_tcp_endpoint', 'catkin_cmake_args': None, 'catkin_skip_building_tests': False, 'cmake_args': None, 'cmake_clean_cache': False, 'cmake_clean_first': False, 'cmake_force_configure': False, 'cmake_target': None, 'cmake_target_skip_unavailable': False, 'install_base': 'C:\\Users\\Kyomoto\\asvsim\\ROS-TCP-Endpoint\\install\\ros_tcp_endpoint', 'merge_install': False, 'path': 'C:\\Users\\Kyomoto\\asvsim\\ROS-TCP-Endpoint', 'symlink_install': False, 'test_result_base': None}[0m
[0.872s] [34mcolcon.colcon_core.executor[0m [1;30mINFO[0m Executing jobs using 'parallel' executor
[0.874s] [34mcolcon.colcon_parallel_executor.executor.parallel[0m [1;30mDEBUG[0m [32mrun_until_complete[0m
[0.875s] [34mcolcon.colcon_ros.task.ament_python.build[0m [1;30mINFO[0m Building ROS package in 'C:\Users\Kyomoto\asvsim\ROS-TCP-Endpoint' with build type 'ament_python'
[0.875s] [34mcolcon.colcon_core.shell[0m [1;30mLevel 1[0m create_environment_hook('ros_tcp_endpoint', 'ament_prefix_path')
[0.882s] [34mcolcon.colcon_core.plugin_system[0m [1;30mINFO[0m Skipping extension 'colcon_core.shell.sh': Not used on Windows systems
[0.882s] [34mcolcon.colcon_core.shell[0m [1;30mINFO[0m Creating environment hook 'C:\Users\Kyomoto\asvsim\ROS-TCP-Endpoint\install\ros_tcp_endpoint\share\ros_tcp_endpoint\hook\ament_prefix_path.ps1'
[0.884s] [34mcolcon.colcon_core.shell[0m [1;30mINFO[0m Creating environment hook 'C:\Users\Kyomoto\asvsim\ROS-TCP-Endpoint\install\ros_tcp_endpoint\share\ros_tcp_endpoint\hook\ament_prefix_path.bat'
[0.885s] [34mcolcon.colcon_core.shell[0m [1;30mINFO[0m Creating environment descriptor 'C:\Users\Kyomoto\asvsim\ROS-TCP-Endpoint\install\ros_tcp_endpoint\share\ros_tcp_endpoint\hook\ament_prefix_path.dsv'
[0.886s] [34mcolcon.colcon_core.shell[0m [1;30mINFO[0m Skip shell extension 'powershell' for command environment: Not usable outside of PowerShell
[1.216s] [34mcolcon.colcon_core.task.python.build[0m [1;30mINFO[0m Building Python package in 'C:\Users\Kyomoto\asvsim\ROS-TCP-Endpoint'
[1.216s] [34mcolcon.colcon_core.shell[0m [1;30mINFO[0m Skip shell extension 'powershell' for command environment: Not usable outside of PowerShell
[1.915s] [34mcolcon.colcon_core.event_handler.log_command[0m [1;30mDEBUG[0m [32mInvoking command in 'C:\Users\Kyomoto\asvsim\ROS-TCP-Endpoint': PIXI_PROMPT=(robostack:humble) PUBLIC=%PUBLIC%
PyCharm Community Edition=E:\pycharm\PyCharm Community Edition 2023.2.1\bin; PYTHONPATH=C:\Users\Kyomoto\asvsim\ROS-TCP-Endpoint\build\ros_tcp_endpoint\prefix_override;C:\Users\Kyomoto\asvsim\robostack\.pixi\envs\humble\Lib\site-packages\colcon_core\task\python\colcon_distutils_commands;C:\Users\Kyomoto\asvsim\ROS-TCP-Endpoint\install\ros_tcp_endpoint\Lib\site-packages;%PYTHONPATH% C:\Users\Kyomoto\asvsim\robostack\.pixi\envs\humble\python.exe -W ignore:setup.py install is deprecated -W ignore:easy_install command is deprecated setup.py egg_info --egg-base build\ros_tcp_endpoint build --build-base C:\Users\Kyomoto\asvsim\ROS-TCP-Endpoint\build\ros_tcp_endpoint\build install --record C:\Users\Kyomoto\asvsim\ROS-TCP-Endpoint\build\ros_tcp_endpoint\install.log --install-scripts $base/lib/ros_tcp_endpoint --single-version-externally-managed install_data[0m
[2.828s] [34mcolcon.colcon_core.event_handler.log_command[0m [1;30mDEBUG[0m [32mInvoked command in 'C:\Users\Kyomoto\asvsim\ROS-TCP-Endpoint' returned '0': PIXI_PROMPT=(robostack:humble) PUBLIC=%PUBLIC%
PyCharm Community Edition=E:\pycharm\PyCharm Community Edition 2023.2.1\bin; PYTHONPATH=C:\Users\Kyomoto\asvsim\ROS-TCP-Endpoint\build\ros_tcp_endpoint\prefix_override;C:\Users\Kyomoto\asvsim\robostack\.pixi\envs\humble\Lib\site-packages\colcon_core\task\python\colcon_distutils_commands;C:\Users\Kyomoto\asvsim\ROS-TCP-Endpoint\install\ros_tcp_endpoint\Lib\site-packages;%PYTHONPATH% C:\Users\Kyomoto\asvsim\robostack\.pixi\envs\humble\python.exe -W ignore:setup.py install is deprecated -W ignore:easy_install command is deprecated setup.py egg_info --egg-base build\ros_tcp_endpoint build --build-base C:\Users\Kyomoto\asvsim\ROS-TCP-Endpoint\build\ros_tcp_endpoint\build install --record C:\Users\Kyomoto\asvsim\ROS-TCP-Endpoint\build\ros_tcp_endpoint\install.log --install-scripts $base/lib/ros_tcp_endpoint --single-version-externally-managed install_data[0m
[2.844s] [34mcolcon.colcon_core.environment[0m [1;30mLevel 1[0m checking 'C:\Users\Kyomoto\asvsim\ROS-TCP-Endpoint\install\ros_tcp_endpoint' for CMake module files
[2.846s] [34mcolcon.colcon_core.environment[0m [1;30mLevel 1[0m checking 'C:\Users\Kyomoto\asvsim\ROS-TCP-Endpoint\install\ros_tcp_endpoint' for CMake config files
[2.848s] [34mcolcon.colcon_core.environment[0m [1;30mLevel 1[0m checking 'C:\Users\Kyomoto\asvsim\ROS-TCP-Endpoint\install\ros_tcp_endpoint\bin'
[2.848s] [34mcolcon.colcon_core.environment[0m [1;30mLevel 1[0m checking 'C:\Users\Kyomoto\asvsim\ROS-TCP-Endpoint\install\ros_tcp_endpoint\bin'
[2.848s] [34mcolcon.colcon_core.environment[0m [1;30mLevel 1[0m checking 'C:\Users\Kyomoto\asvsim\ROS-TCP-Endpoint\install\ros_tcp_endpoint\lib\pkgconfig\ros_tcp_endpoint.pc'
[2.848s] [34mcolcon.colcon_core.environment[0m [1;30mLevel 1[0m checking 'C:\Users\Kyomoto\asvsim\ROS-TCP-Endpoint\install\ros_tcp_endpoint\Lib\site-packages'
[2.848s] [34mcolcon.colcon_core.shell[0m [1;30mLevel 1[0m create_environment_hook('ros_tcp_endpoint', 'pythonpath')
[2.848s] [34mcolcon.colcon_core.shell[0m [1;30mINFO[0m Creating environment hook 'C:\Users\Kyomoto\asvsim\ROS-TCP-Endpoint\install\ros_tcp_endpoint\share\ros_tcp_endpoint\hook\pythonpath.ps1'
[2.849s] [34mcolcon.colcon_core.shell[0m [1;30mINFO[0m Creating environment hook 'C:\Users\Kyomoto\asvsim\ROS-TCP-Endpoint\install\ros_tcp_endpoint\share\ros_tcp_endpoint\hook\pythonpath.bat'
[2.850s] [34mcolcon.colcon_core.shell[0m [1;30mINFO[0m Creating environment descriptor 'C:\Users\Kyomoto\asvsim\ROS-TCP-Endpoint\install\ros_tcp_endpoint\share\ros_tcp_endpoint\hook\pythonpath.dsv'
[2.850s] [34mcolcon.colcon_core.environment[0m [1;30mLevel 1[0m checking 'C:\Users\Kyomoto\asvsim\ROS-TCP-Endpoint\install\ros_tcp_endpoint\Scripts'
[2.850s] [34mcolcon.colcon_core.environment[0m [1;30mLevel 1[0m create_environment_scripts_only(ros_tcp_endpoint)
[2.850s] [34mcolcon.colcon_core.shell[0m [1;30mINFO[0m Creating package script 'C:\Users\Kyomoto\asvsim\ROS-TCP-Endpoint\install\ros_tcp_endpoint\share\ros_tcp_endpoint\package.ps1'
[2.851s] [34mcolcon.colcon_core.shell[0m [1;30mINFO[0m Creating package script 'C:\Users\Kyomoto\asvsim\ROS-TCP-Endpoint\install\ros_tcp_endpoint\share\ros_tcp_endpoint\package.bat'
[2.852s] [34mcolcon.colcon_core.shell[0m [1;30mINFO[0m Creating package descriptor 'C:\Users\Kyomoto\asvsim\ROS-TCP-Endpoint\install\ros_tcp_endpoint\share\ros_tcp_endpoint\package.dsv'
[2.853s] [34mcolcon.colcon_core.environment[0m [1;30mLevel 1[0m create_file_with_runtime_dependencies(C:\Users\Kyomoto\asvsim\ROS-TCP-Endpoint\install\ros_tcp_endpoint\share\colcon-core\packages\ros_tcp_endpoint)
[2.853s] [34mcolcon.colcon_parallel_executor.executor.parallel[0m [1;30mDEBUG[0m [32mclosing loop[0m
[2.854s] [34mcolcon.colcon_parallel_executor.executor.parallel[0m [1;30mDEBUG[0m [32mloop closed[0m
[2.854s] [34mcolcon.colcon_parallel_executor.executor.parallel[0m [1;30mDEBUG[0m [32mrun_until_complete finished with '0'[0m
[2.854s] [34mcolcon.colcon_core.event_reactor[0m [1;30mDEBUG[0m [32mjoining thread[0m
[2.869s] [34mcolcon.colcon_core.plugin_system[0m [1;30mINFO[0m Skipping extension 'colcon_notification.desktop_notification.notify2': 'notify2' not found
[2.869s] [34mcolcon.colcon_core.plugin_system[0m [1;30mINFO[0m Skipping extension 'colcon_notification.desktop_notification.notify_send': Not used on non-Linux systems
[2.869s] [34mcolcon.colcon_core.plugin_system[0m [1;30mINFO[0m Skipping extension 'colcon_notification.desktop_notification.terminal_notifier': Not used on non-Darwin systems
[2.869s] [34mcolcon.colcon_notification.desktop_notification[0m [1;30mINFO[0m Sending desktop notification using 'win32'
[7.908s] [34mcolcon.colcon_core.event_reactor[0m [1;30mDEBUG[0m [32mjoined thread[0m
[7.909s] [34mcolcon.colcon_core.shell[0m [1;30mINFO[0m Creating prefix script 'C:\Users\Kyomoto\asvsim\ROS-TCP-Endpoint\install\local_setup.ps1'
[7.912s] [34mcolcon.colcon_core.shell[0m [1;30mINFO[0m Creating prefix util module 'C:\Users\Kyomoto\asvsim\ROS-TCP-Endpoint\install\_local_setup_util_ps1.py'
[7.917s] [34mcolcon.colcon_core.shell[0m [1;30mINFO[0m Creating prefix chain script 'C:\Users\Kyomoto\asvsim\ROS-TCP-Endpoint\install\setup.ps1'
[7.921s] [34mcolcon.colcon_core.shell[0m [1;30mINFO[0m Creating prefix script 'C:\Users\Kyomoto\asvsim\ROS-TCP-Endpoint\install\local_setup.bat'
[7.924s] [34mcolcon.colcon_core.shell[0m [1;30mINFO[0m Creating prefix util module 'C:\Users\Kyomoto\asvsim\ROS-TCP-Endpoint\install\_local_setup_util_bat.py'
[7.927s] [34mcolcon.colcon_core.shell[0m [1;30mINFO[0m Creating prefix chain script 'C:\Users\Kyomoto\asvsim\ROS-TCP-Endpoint\install\setup.bat'
