[2.023s] DEBUG:colcon:Command line arguments: ['/usr/bin/colcon', 'build']
[2.024s] DEBUG:colcon:Parsed command line arguments: Namespace(log_base=None, log_level=None, verb_name='build', build_base='build', install_base='install', merge_install=False, symlink_install=False, test_result_base=None, continue_on_error=False, executor='parallel', parallel_workers=20, event_handlers=None, ignore_user_meta=False, metas=['./colcon.meta'], base_paths=['.'], packages_ignore=None, packages_ignore_regex=None, paths=None, packages_up_to=None, packages_up_to_regex=None, packages_above=None, packages_above_and_dependencies=None, packages_above_depth=None, packages_select_by_dep=None, packages_skip_by_dep=None, packages_skip_up_to=None, packages_select_build_failed=False, packages_skip_build_finished=False, packages_select_test_failures=False, packages_skip_test_passed=False, packages_select=None, packages_skip=None, packages_select_regex=None, packages_skip_regex=None, packages_start=None, packages_end=None, allow_overriding=[], cmake_args=None, cmake_target=None, cmake_target_skip_unavailable=False, cmake_clean_cache=False, cmake_clean_first=False, cmake_force_configure=False, ament_cmake_args=None, catkin_cmake_args=None, catkin_skip_building_tests=False, verb_parser=<colcon_defaults.argument_parser.defaults.DefaultArgumentsDecorator object at 0x7f3ca5550100>, verb_extension=<colcon_core.verb.build.BuildVerb object at 0x7f3ca56353f0>, main=<bound method BuildVerb.main of <colcon_core.verb.build.BuildVerb object at 0x7f3ca56353f0>>)
[3.200s] Level 1:colcon.colcon_core.package_discovery:discover_packages(colcon_meta) check parameters
[3.202s] Level 1:colcon.colcon_core.package_discovery:discover_packages(recursive) check parameters
[3.203s] Level 1:colcon.colcon_core.package_discovery:discover_packages(ignore) check parameters
[3.203s] Level 1:colcon.colcon_core.package_discovery:discover_packages(path) check parameters
[3.205s] Level 1:colcon.colcon_core.package_discovery:discover_packages(colcon_meta) discover
[3.207s] Level 1:colcon.colcon_core.package_discovery:discover_packages(recursive) discover
[3.208s] INFO:colcon.colcon_core.package_discovery:Crawling recursively for packages in '/mnt/c/Users/Kyomoto/main_ws/unity_asv_sim/ROS-TCP-Endpoint'
[3.216s] Level 1:colcon.colcon_core.package_identification:_identify(.) by extensions ['ignore', 'ignore_ament_install']
[3.218s] Level 1:colcon.colcon_core.package_identification:_identify(.) by extension 'ignore'
[3.220s] Level 1:colcon.colcon_core.package_identification:_identify(.) by extension 'ignore_ament_install'
[3.222s] Level 1:colcon.colcon_core.package_identification:_identify(.) by extensions ['colcon_pkg']
[3.223s] Level 1:colcon.colcon_core.package_identification:_identify(.) by extension 'colcon_pkg'
[3.225s] Level 1:colcon.colcon_core.package_identification:_identify(.) by extensions ['colcon_meta']
[3.226s] Level 1:colcon.colcon_core.package_identification:_identify(.) by extension 'colcon_meta'
[3.227s] Level 1:colcon.colcon_core.package_identification:_identify(.) by extensions ['ros']
[3.228s] Level 1:colcon.colcon_core.package_identification:_identify(.) by extension 'ros'
[3.325s] DEBUG:colcon.colcon_core.package_identification:Package '.' with type 'ros.ament_python' and name 'ros_tcp_endpoint'
[3.326s] Level 1:colcon.colcon_core.package_discovery:discover_packages(recursive) using defaults
[3.327s] Level 1:colcon.colcon_core.package_discovery:discover_packages(ignore) discover
[3.328s] Level 1:colcon.colcon_core.package_discovery:discover_packages(ignore) using defaults
[3.329s] Level 1:colcon.colcon_core.package_discovery:discover_packages(path) discover
[3.329s] Level 1:colcon.colcon_core.package_discovery:discover_packages(path) using defaults
[3.592s] Level 1:colcon.colcon_core.package_discovery:discover_packages(prefix_path) check parameters
[3.593s] Level 1:colcon.colcon_core.package_discovery:discover_packages(prefix_path) discover
[3.786s] DEBUG:colcon.colcon_installed_package_information.package_discovery:Found 1 installed packages in /mnt/c/Users/Kyomoto/main_ws/unity_asv_sim/ROS-TCP-Endpoint/install
[3.789s] DEBUG:colcon.colcon_installed_package_information.package_discovery:Found 276 installed packages in /opt/ros/humble
[3.810s] Level 1:colcon.colcon_core.package_discovery:discover_packages(prefix_path) using defaults
[3.939s] Level 5:colcon.colcon_core.verb:set package 'ros_tcp_endpoint' build argument 'cmake_args' from command line to 'None'
[3.940s] Level 5:colcon.colcon_core.verb:set package 'ros_tcp_endpoint' build argument 'cmake_target' from command line to 'None'
[3.941s] Level 5:colcon.colcon_core.verb:set package 'ros_tcp_endpoint' build argument 'cmake_target_skip_unavailable' from command line to 'False'
[3.943s] Level 5:colcon.colcon_core.verb:set package 'ros_tcp_endpoint' build argument 'cmake_clean_cache' from command line to 'False'
[3.944s] Level 5:colcon.colcon_core.verb:set package 'ros_tcp_endpoint' build argument 'cmake_clean_first' from command line to 'False'
[3.945s] Level 5:colcon.colcon_core.verb:set package 'ros_tcp_endpoint' build argument 'cmake_force_configure' from command line to 'False'
[3.946s] Level 5:colcon.colcon_core.verb:set package 'ros_tcp_endpoint' build argument 'ament_cmake_args' from command line to 'None'
[3.946s] Level 5:colcon.colcon_core.verb:set package 'ros_tcp_endpoint' build argument 'catkin_cmake_args' from command line to 'None'
[3.948s] Level 5:colcon.colcon_core.verb:set package 'ros_tcp_endpoint' build argument 'catkin_skip_building_tests' from command line to 'False'
[3.949s] DEBUG:colcon.colcon_core.verb:Building package 'ros_tcp_endpoint' with the following arguments: {'ament_cmake_args': None, 'build_base': '/mnt/c/Users/Kyomoto/main_ws/unity_asv_sim/ROS-TCP-Endpoint/build/ros_tcp_endpoint', 'catkin_cmake_args': None, 'catkin_skip_building_tests': False, 'cmake_args': None, 'cmake_clean_cache': False, 'cmake_clean_first': False, 'cmake_force_configure': False, 'cmake_target': None, 'cmake_target_skip_unavailable': False, 'install_base': '/mnt/c/Users/Kyomoto/main_ws/unity_asv_sim/ROS-TCP-Endpoint/install/ros_tcp_endpoint', 'merge_install': False, 'path': '/mnt/c/Users/Kyomoto/main_ws/unity_asv_sim/ROS-TCP-Endpoint', 'symlink_install': False, 'test_result_base': None}
[3.950s] INFO:colcon.colcon_core.executor:Executing jobs using 'parallel' executor
[3.952s] DEBUG:colcon.colcon_parallel_executor.executor.parallel:run_until_complete
[3.953s] INFO:colcon.colcon_ros.task.ament_python.build:Building ROS package in '/mnt/c/Users/Kyomoto/main_ws/unity_asv_sim/ROS-TCP-Endpoint' with build type 'ament_python'
[3.954s] Level 1:colcon.colcon_core.shell:create_environment_hook('ros_tcp_endpoint', 'ament_prefix_path')
[4.004s] INFO:colcon.colcon_core.plugin_system:Skipping extension 'colcon_core.shell.bat': Not used on non-Windows systems
[4.006s] INFO:colcon.colcon_core.shell:Creating environment hook '/mnt/c/Users/Kyomoto/main_ws/unity_asv_sim/ROS-TCP-Endpoint/install/ros_tcp_endpoint/share/ros_tcp_endpoint/hook/ament_prefix_path.ps1'
[4.083s] INFO:colcon.colcon_core.shell:Creating environment descriptor '/mnt/c/Users/Kyomoto/main_ws/unity_asv_sim/ROS-TCP-Endpoint/install/ros_tcp_endpoint/share/ros_tcp_endpoint/hook/ament_prefix_path.dsv'
[4.157s] INFO:colcon.colcon_core.shell:Creating environment hook '/mnt/c/Users/Kyomoto/main_ws/unity_asv_sim/ROS-TCP-Endpoint/install/ros_tcp_endpoint/share/ros_tcp_endpoint/hook/ament_prefix_path.sh'
[4.233s] INFO:colcon.colcon_core.shell:Skip shell extension 'powershell' for command environment: Not usable outside of PowerShell
[4.234s] DEBUG:colcon.colcon_core.shell:Skip shell extension 'dsv' for command environment
[6.408s] INFO:colcon.colcon_core.task.python.build:Building Python package in '/mnt/c/Users/Kyomoto/main_ws/unity_asv_sim/ROS-TCP-Endpoint'
[6.410s] INFO:colcon.colcon_core.shell:Skip shell extension 'powershell' for command environment: Not usable outside of PowerShell
[6.411s] DEBUG:colcon.colcon_core.shell:Skip shell extension 'dsv' for command environment
[10.940s] DEBUG:colcon.colcon_core.event_handler.log_command:Invoking command in '/mnt/c/Users/Kyomoto/main_ws/unity_asv_sim/ROS-TCP-Endpoint': PYTHONPATH=/mnt/c/Users/Kyomoto/main_ws/unity_asv_sim/ROS-TCP-Endpoint/build/ros_tcp_endpoint/prefix_override:/usr/lib/python3/dist-packages/colcon_core/task/python/colcon_distutils_commands:/mnt/c/Users/Kyomoto/main_ws/unity_asv_sim/ROS-TCP-Endpoint/install/ros_tcp_endpoint/lib/python3.10/site-packages:${PYTHONPATH} /usr/bin/python3 -W ignore:setup.py install is deprecated setup.py egg_info --egg-base build/ros_tcp_endpoint build --build-base /mnt/c/Users/Kyomoto/main_ws/unity_asv_sim/ROS-TCP-Endpoint/build/ros_tcp_endpoint/build install --record /mnt/c/Users/Kyomoto/main_ws/unity_asv_sim/ROS-TCP-Endpoint/build/ros_tcp_endpoint/install.log --install-scripts $base/lib/ros_tcp_endpoint --single-version-externally-managed install_data
[19.737s] DEBUG:colcon.colcon_core.event_handler.log_command:Invoked command in '/mnt/c/Users/Kyomoto/main_ws/unity_asv_sim/ROS-TCP-Endpoint' returned '0': PYTHONPATH=/mnt/c/Users/Kyomoto/main_ws/unity_asv_sim/ROS-TCP-Endpoint/build/ros_tcp_endpoint/prefix_override:/usr/lib/python3/dist-packages/colcon_core/task/python/colcon_distutils_commands:/mnt/c/Users/Kyomoto/main_ws/unity_asv_sim/ROS-TCP-Endpoint/install/ros_tcp_endpoint/lib/python3.10/site-packages:${PYTHONPATH} /usr/bin/python3 -W ignore:setup.py install is deprecated setup.py egg_info --egg-base build/ros_tcp_endpoint build --build-base /mnt/c/Users/Kyomoto/main_ws/unity_asv_sim/ROS-TCP-Endpoint/build/ros_tcp_endpoint/build install --record /mnt/c/Users/Kyomoto/main_ws/unity_asv_sim/ROS-TCP-Endpoint/build/ros_tcp_endpoint/install.log --install-scripts $base/lib/ros_tcp_endpoint --single-version-externally-managed install_data
[19.801s] Level 1:colcon.colcon_core.environment:checking '/mnt/c/Users/Kyomoto/main_ws/unity_asv_sim/ROS-TCP-Endpoint/install/ros_tcp_endpoint' for CMake module files
[20.015s] Level 1:colcon.colcon_core.environment:checking '/mnt/c/Users/Kyomoto/main_ws/unity_asv_sim/ROS-TCP-Endpoint/install/ros_tcp_endpoint' for CMake config files
[20.423s] Level 1:colcon.colcon_core.environment:checking '/mnt/c/Users/Kyomoto/main_ws/unity_asv_sim/ROS-TCP-Endpoint/install/ros_tcp_endpoint/lib'
[20.439s] Level 1:colcon.colcon_core.environment:checking '/mnt/c/Users/Kyomoto/main_ws/unity_asv_sim/ROS-TCP-Endpoint/install/ros_tcp_endpoint/bin'
[20.444s] Level 1:colcon.colcon_core.environment:checking '/mnt/c/Users/Kyomoto/main_ws/unity_asv_sim/ROS-TCP-Endpoint/install/ros_tcp_endpoint/lib/pkgconfig/ros_tcp_endpoint.pc'
[20.450s] Level 1:colcon.colcon_core.environment:checking '/mnt/c/Users/Kyomoto/main_ws/unity_asv_sim/ROS-TCP-Endpoint/install/ros_tcp_endpoint/lib/python3.10/site-packages'
[20.458s] Level 1:colcon.colcon_core.shell:create_environment_hook('ros_tcp_endpoint', 'pythonpath')
[20.459s] INFO:colcon.colcon_core.shell:Creating environment hook '/mnt/c/Users/Kyomoto/main_ws/unity_asv_sim/ROS-TCP-Endpoint/install/ros_tcp_endpoint/share/ros_tcp_endpoint/hook/pythonpath.ps1'
[20.508s] INFO:colcon.colcon_core.shell:Creating environment descriptor '/mnt/c/Users/Kyomoto/main_ws/unity_asv_sim/ROS-TCP-Endpoint/install/ros_tcp_endpoint/share/ros_tcp_endpoint/hook/pythonpath.dsv'
[20.578s] INFO:colcon.colcon_core.shell:Creating environment hook '/mnt/c/Users/Kyomoto/main_ws/unity_asv_sim/ROS-TCP-Endpoint/install/ros_tcp_endpoint/share/ros_tcp_endpoint/hook/pythonpath.sh'
[20.634s] Level 1:colcon.colcon_core.environment:checking '/mnt/c/Users/Kyomoto/main_ws/unity_asv_sim/ROS-TCP-Endpoint/install/ros_tcp_endpoint/bin'
[20.640s] Level 1:colcon.colcon_core.environment:create_environment_scripts_only(ros_tcp_endpoint)
[20.641s] INFO:colcon.colcon_core.shell:Creating package script '/mnt/c/Users/Kyomoto/main_ws/unity_asv_sim/ROS-TCP-Endpoint/install/ros_tcp_endpoint/share/ros_tcp_endpoint/package.ps1'
[20.685s] INFO:colcon.colcon_core.shell:Creating package descriptor '/mnt/c/Users/Kyomoto/main_ws/unity_asv_sim/ROS-TCP-Endpoint/install/ros_tcp_endpoint/share/ros_tcp_endpoint/package.dsv'
[20.756s] INFO:colcon.colcon_core.shell:Creating package script '/mnt/c/Users/Kyomoto/main_ws/unity_asv_sim/ROS-TCP-Endpoint/install/ros_tcp_endpoint/share/ros_tcp_endpoint/package.sh'
[20.809s] INFO:colcon.colcon_core.shell:Creating package script '/mnt/c/Users/Kyomoto/main_ws/unity_asv_sim/ROS-TCP-Endpoint/install/ros_tcp_endpoint/share/ros_tcp_endpoint/package.bash'
[20.872s] INFO:colcon.colcon_core.shell:Creating package script '/mnt/c/Users/Kyomoto/main_ws/unity_asv_sim/ROS-TCP-Endpoint/install/ros_tcp_endpoint/share/ros_tcp_endpoint/package.zsh'
[20.926s] Level 1:colcon.colcon_core.environment:create_file_with_runtime_dependencies(/mnt/c/Users/Kyomoto/main_ws/unity_asv_sim/ROS-TCP-Endpoint/install/ros_tcp_endpoint/share/colcon-core/packages/ros_tcp_endpoint)
[20.961s] DEBUG:colcon.colcon_parallel_executor.executor.parallel:closing loop
[20.962s] DEBUG:colcon.colcon_parallel_executor.executor.parallel:loop closed
[20.963s] DEBUG:colcon.colcon_parallel_executor.executor.parallel:run_until_complete finished with '0'
[20.963s] DEBUG:colcon.colcon_core.event_reactor:joining thread
[21.517s] INFO:colcon.colcon_core.plugin_system:Skipping extension 'colcon_notification.desktop_notification.notify_send': Could not find 'notify-send'
[21.518s] INFO:colcon.colcon_core.plugin_system:Skipping extension 'colcon_notification.desktop_notification.terminal_notifier': Not used on non-Darwin systems
[21.519s] INFO:colcon.colcon_core.plugin_system:Skipping extension 'colcon_notification.desktop_notification.win32': Not used on non-Windows systems
[21.520s] INFO:colcon.colcon_notification.desktop_notification:Sending desktop notification using 'notify2'
[21.521s] DEBUG:colcon.colcon_notification.desktop_notification.notify2:Failed to initialize notify2: org.freedesktop.DBus.Error.FileNotFound: Failed to connect to socket /run/user/0/bus: No such file or directory
[21.522s] DEBUG:colcon.colcon_core.event_reactor:joined thread
[21.523s] INFO:colcon.colcon_core.shell:Creating prefix script '/mnt/c/Users/Kyomoto/main_ws/unity_asv_sim/ROS-TCP-Endpoint/install/local_setup.ps1'
[21.541s] INFO:colcon.colcon_core.shell:Creating prefix util module '/mnt/c/Users/Kyomoto/main_ws/unity_asv_sim/ROS-TCP-Endpoint/install/_local_setup_util_ps1.py'
[21.582s] INFO:colcon.colcon_core.shell:Creating prefix chain script '/mnt/c/Users/Kyomoto/main_ws/unity_asv_sim/ROS-TCP-Endpoint/install/setup.ps1'
[21.645s] INFO:colcon.colcon_core.shell:Creating prefix script '/mnt/c/Users/Kyomoto/main_ws/unity_asv_sim/ROS-TCP-Endpoint/install/local_setup.sh'
[21.664s] INFO:colcon.colcon_core.shell:Creating prefix util module '/mnt/c/Users/Kyomoto/main_ws/unity_asv_sim/ROS-TCP-Endpoint/install/_local_setup_util_sh.py'
[21.682s] INFO:colcon.colcon_core.shell:Creating prefix chain script '/mnt/c/Users/Kyomoto/main_ws/unity_asv_sim/ROS-TCP-Endpoint/install/setup.sh'
[21.774s] INFO:colcon.colcon_core.shell:Creating prefix script '/mnt/c/Users/Kyomoto/main_ws/unity_asv_sim/ROS-TCP-Endpoint/install/local_setup.bash'
[21.811s] INFO:colcon.colcon_core.shell:Creating prefix chain script '/mnt/c/Users/Kyomoto/main_ws/unity_asv_sim/ROS-TCP-Endpoint/install/setup.bash'
[21.870s] INFO:colcon.colcon_core.shell:Creating prefix script '/mnt/c/Users/Kyomoto/main_ws/unity_asv_sim/ROS-TCP-Endpoint/install/local_setup.zsh'
[21.903s] INFO:colcon.colcon_core.shell:Creating prefix chain script '/mnt/c/Users/Kyomoto/main_ws/unity_asv_sim/ROS-TCP-Endpoint/install/setup.zsh'
