[0.153s] Invoking command in '/mnt/c/Users/Kyomoto/main_ws/unity_asv_sim/ROS-TCP-Endpoint/build/ros_tcp_endpoint': /usr/bin/cmake /mnt/c/Users/Kyomoto/main_ws/unity_asv_sim/ROS-TCP-Endpoint -DCATKIN_INSTALL_INTO_PREFIX_ROOT=0 -DCMAKE_INSTALL_PREFIX=/mnt/c/Users/Kyomoto/main_ws/unity_asv_sim/ROS-TCP-Endpoint/install/ros_tcp_endpoint
[0.187s] [0mCMake Deprecation Warning at CMakeLists.txt:1 (cmake_minimum_required):
[0.191s]   Compatibility with CMake < 2.8.12 will be removed from a future version of
[0.194s]   CMake.
[0.199s] 
[0.203s]   Update the VERSION argument <min> value or use a ...<max> suffix to tell
[0.207s]   CMake that the project does not need compatibility with older versions.
[0.211s] 
[0.214s] [0m
[11.949s] [31mCMake Error at CMakeLists.txt:4 (find_package):
[11.954s]   By not providing "Findcatkin.cmake" in CMAKE_MODULE_PATH this project has
[11.957s]   asked CMake to find a package configuration file provided by "catkin", but
[11.960s]   CMake did not find one.
[11.972s] 
[11.986s]   Could not find a package configuration file provided by "catkin" with any
[11.990s]   of the following names:
[11.994s] 
[11.999s]     catkinConfig.cmake
[12.003s]     catkin-config.cmake
[12.007s] 
[12.012s]   Add the installation prefix of "catkin" to CMAKE_PREFIX_PATH or set
[12.015s]   "catkin_DIR" to a directory containing one of the above files.  If "catkin"
[12.019s]   provides a separate development package or SDK, be sure it has been
[12.025s]   installed.
[12.028s] 
[12.032s] [0m
[12.037s] -- Configuring incomplete, errors occurred!
[12.042s] See also "/mnt/c/Users/Kyomoto/main_ws/unity_asv_sim/ROS-TCP-Endpoint/build/ros_tcp_endpoint/CMakeFiles/CMakeOutput.log".
[12.045s] Invoked command in '/mnt/c/Users/Kyomoto/main_ws/unity_asv_sim/ROS-TCP-Endpoint/build/ros_tcp_endpoint' returned '1': /usr/bin/cmake /mnt/c/Users/Kyomoto/main_ws/unity_asv_sim/ROS-TCP-Endpoint -DCATKIN_INSTALL_INTO_PREFIX_ROOT=0 -DCMAKE_INSTALL_PREFIX=/mnt/c/Users/Kyomoto/main_ws/unity_asv_sim/ROS-TCP-Endpoint/install/ros_tcp_endpoint
