[0.222s] DEBUG:colcon:Command line arguments: ['/usr/bin/colcon', 'build']
[0.222s] DEBUG:colcon:Parsed command line arguments: Namespace(log_base=None, log_level=None, verb_name='build', build_base='build', install_base='install', merge_install=False, symlink_install=False, test_result_base=None, continue_on_error=False, executor='parallel', parallel_workers=20, event_handlers=None, ignore_user_meta=False, metas=['./colcon.meta'], base_paths=['.'], packages_ignore=None, packages_ignore_regex=None, paths=None, packages_up_to=None, packages_up_to_regex=None, packages_above=None, packages_above_and_dependencies=None, packages_above_depth=None, packages_select_by_dep=None, packages_skip_by_dep=None, packages_skip_up_to=None, packages_select_build_failed=False, packages_skip_build_finished=False, packages_select_test_failures=False, packages_skip_test_passed=False, packages_select=None, packages_skip=None, packages_select_regex=None, packages_skip_regex=None, packages_start=None, packages_end=None, allow_overriding=[], cmake_args=None, cmake_target=None, cmake_target_skip_unavailable=False, cmake_clean_cache=False, cmake_clean_first=False, cmake_force_configure=False, ament_cmake_args=None, catkin_cmake_args=None, catkin_skip_building_tests=False, verb_parser=<colcon_defaults.argument_parser.defaults.DefaultArgumentsDecorator object at 0x7fe841084b50>, verb_extension=<colcon_core.verb.build.BuildVerb object at 0x7fe841176680>, main=<bound method BuildVerb.main of <colcon_core.verb.build.BuildVerb object at 0x7fe841176680>>)
[0.251s] Level 1:colcon.colcon_core.package_discovery:discover_packages(colcon_meta) check parameters
[0.253s] Level 1:colcon.colcon_core.package_discovery:discover_packages(recursive) check parameters
[0.253s] Level 1:colcon.colcon_core.package_discovery:discover_packages(ignore) check parameters
[0.254s] Level 1:colcon.colcon_core.package_discovery:discover_packages(path) check parameters
[0.254s] Level 1:colcon.colcon_core.package_discovery:discover_packages(colcon_meta) discover
[0.255s] Level 1:colcon.colcon_core.package_discovery:discover_packages(recursive) discover
[0.255s] INFO:colcon.colcon_core.package_discovery:Crawling recursively for packages in '/mnt/c/Users/Kyomoto/asvsim/ROS-TCP-Endpoint'
[0.256s] Level 1:colcon.colcon_core.package_identification:_identify(.) by extensions ['ignore', 'ignore_ament_install']
[0.256s] Level 1:colcon.colcon_core.package_identification:_identify(.) by extension 'ignore'
[0.256s] Level 1:colcon.colcon_core.package_identification:_identify(.) by extension 'ignore_ament_install'
[0.257s] Level 1:colcon.colcon_core.package_identification:_identify(.) by extensions ['colcon_pkg']
[0.257s] Level 1:colcon.colcon_core.package_identification:_identify(.) by extension 'colcon_pkg'
[0.257s] Level 1:colcon.colcon_core.package_identification:_identify(.) by extensions ['colcon_meta']
[0.257s] Level 1:colcon.colcon_core.package_identification:_identify(.) by extension 'colcon_meta'
[0.257s] Level 1:colcon.colcon_core.package_identification:_identify(.) by extensions ['ros']
[0.257s] Level 1:colcon.colcon_core.package_identification:_identify(.) by extension 'ros'
[0.277s] DEBUG:colcon.colcon_core.package_identification:Package '.' with type 'ros.ament_python' and name 'ros_tcp_endpoint'
[0.277s] Level 1:colcon.colcon_core.package_discovery:discover_packages(recursive) using defaults
[0.277s] Level 1:colcon.colcon_core.package_discovery:discover_packages(ignore) discover
[0.277s] Level 1:colcon.colcon_core.package_discovery:discover_packages(ignore) using defaults
[0.278s] Level 1:colcon.colcon_core.package_discovery:discover_packages(path) discover
[0.278s] Level 1:colcon.colcon_core.package_discovery:discover_packages(path) using defaults
[0.294s] Level 1:colcon.colcon_core.package_discovery:discover_packages(prefix_path) check parameters
[0.295s] Level 1:colcon.colcon_core.package_discovery:discover_packages(prefix_path) discover
[0.296s] DEBUG:colcon.colcon_installed_package_information.package_discovery:Found 191 installed packages in /opt/ros/humble
[0.297s] Level 1:colcon.colcon_core.package_discovery:discover_packages(prefix_path) using defaults
[0.314s] Level 5:colcon.colcon_core.verb:set package 'ros_tcp_endpoint' build argument 'cmake_args' from command line to 'None'
[0.314s] Level 5:colcon.colcon_core.verb:set package 'ros_tcp_endpoint' build argument 'cmake_target' from command line to 'None'
[0.315s] Level 5:colcon.colcon_core.verb:set package 'ros_tcp_endpoint' build argument 'cmake_target_skip_unavailable' from command line to 'False'
[0.316s] Level 5:colcon.colcon_core.verb:set package 'ros_tcp_endpoint' build argument 'cmake_clean_cache' from command line to 'False'
[0.316s] Level 5:colcon.colcon_core.verb:set package 'ros_tcp_endpoint' build argument 'cmake_clean_first' from command line to 'False'
[0.316s] Level 5:colcon.colcon_core.verb:set package 'ros_tcp_endpoint' build argument 'cmake_force_configure' from command line to 'False'
[0.316s] Level 5:colcon.colcon_core.verb:set package 'ros_tcp_endpoint' build argument 'ament_cmake_args' from command line to 'None'
[0.317s] Level 5:colcon.colcon_core.verb:set package 'ros_tcp_endpoint' build argument 'catkin_cmake_args' from command line to 'None'
[0.317s] Level 5:colcon.colcon_core.verb:set package 'ros_tcp_endpoint' build argument 'catkin_skip_building_tests' from command line to 'False'
[0.317s] DEBUG:colcon.colcon_core.verb:Building package 'ros_tcp_endpoint' with the following arguments: {'ament_cmake_args': None, 'build_base': '/mnt/c/Users/Kyomoto/asvsim/ROS-TCP-Endpoint/build/ros_tcp_endpoint', 'catkin_cmake_args': None, 'catkin_skip_building_tests': False, 'cmake_args': None, 'cmake_clean_cache': False, 'cmake_clean_first': False, 'cmake_force_configure': False, 'cmake_target': None, 'cmake_target_skip_unavailable': False, 'install_base': '/mnt/c/Users/Kyomoto/asvsim/ROS-TCP-Endpoint/install/ros_tcp_endpoint', 'merge_install': False, 'path': '/mnt/c/Users/Kyomoto/asvsim/ROS-TCP-Endpoint', 'symlink_install': False, 'test_result_base': None}
[0.317s] INFO:colcon.colcon_core.executor:Executing jobs using 'parallel' executor
[0.318s] DEBUG:colcon.colcon_parallel_executor.executor.parallel:run_until_complete
[0.318s] INFO:colcon.colcon_ros.task.ament_python.build:Building ROS package in '/mnt/c/Users/Kyomoto/asvsim/ROS-TCP-Endpoint' with build type 'ament_python'
[0.318s] Level 1:colcon.colcon_core.shell:create_environment_hook('ros_tcp_endpoint', 'ament_prefix_path')
[0.320s] INFO:colcon.colcon_core.plugin_system:Skipping extension 'colcon_core.shell.bat': Not used on non-Windows systems
[0.320s] INFO:colcon.colcon_core.shell:Creating environment hook '/mnt/c/Users/Kyomoto/asvsim/ROS-TCP-Endpoint/install/ros_tcp_endpoint/share/ros_tcp_endpoint/hook/ament_prefix_path.ps1'
[0.332s] INFO:colcon.colcon_core.shell:Creating environment descriptor '/mnt/c/Users/Kyomoto/asvsim/ROS-TCP-Endpoint/install/ros_tcp_endpoint/share/ros_tcp_endpoint/hook/ament_prefix_path.dsv'
[0.339s] INFO:colcon.colcon_core.shell:Creating environment hook '/mnt/c/Users/Kyomoto/asvsim/ROS-TCP-Endpoint/install/ros_tcp_endpoint/share/ros_tcp_endpoint/hook/ament_prefix_path.sh'
[0.350s] INFO:colcon.colcon_core.shell:Skip shell extension 'powershell' for command environment: Not usable outside of PowerShell
[0.350s] DEBUG:colcon.colcon_core.shell:Skip shell extension 'dsv' for command environment
[0.626s] INFO:colcon.colcon_core.task.python.build:Building Python package in '/mnt/c/Users/Kyomoto/asvsim/ROS-TCP-Endpoint'
[0.627s] INFO:colcon.colcon_core.shell:Skip shell extension 'powershell' for command environment: Not usable outside of PowerShell
[0.627s] DEBUG:colcon.colcon_core.shell:Skip shell extension 'dsv' for command environment
[1.508s] DEBUG:colcon.colcon_core.event_handler.log_command:Invoking command in '/mnt/c/Users/Kyomoto/asvsim/ROS-TCP-Endpoint': PYTHONPATH=/mnt/c/Users/Kyomoto/asvsim/ROS-TCP-Endpoint/build/ros_tcp_endpoint/prefix_override:/usr/lib/python3/dist-packages/colcon_core/task/python/colcon_distutils_commands:/mnt/c/Users/Kyomoto/asvsim/ROS-TCP-Endpoint/install/ros_tcp_endpoint/lib/python3.10/site-packages:${PYTHONPATH} /usr/bin/python3 -W ignore:setup.py install is deprecated -W ignore:easy_install command is deprecated setup.py egg_info --egg-base build/ros_tcp_endpoint build --build-base /mnt/c/Users/Kyomoto/asvsim/ROS-TCP-Endpoint/build/ros_tcp_endpoint/build install --record /mnt/c/Users/Kyomoto/asvsim/ROS-TCP-Endpoint/build/ros_tcp_endpoint/install.log --install-scripts $base/lib/ros_tcp_endpoint --single-version-externally-managed install_data
[4.439s] DEBUG:colcon.colcon_core.event_handler.log_command:Invoked command in '/mnt/c/Users/Kyomoto/asvsim/ROS-TCP-Endpoint' returned '0': PYTHONPATH=/mnt/c/Users/Kyomoto/asvsim/ROS-TCP-Endpoint/build/ros_tcp_endpoint/prefix_override:/usr/lib/python3/dist-packages/colcon_core/task/python/colcon_distutils_commands:/mnt/c/Users/Kyomoto/asvsim/ROS-TCP-Endpoint/install/ros_tcp_endpoint/lib/python3.10/site-packages:${PYTHONPATH} /usr/bin/python3 -W ignore:setup.py install is deprecated -W ignore:easy_install command is deprecated setup.py egg_info --egg-base build/ros_tcp_endpoint build --build-base /mnt/c/Users/Kyomoto/asvsim/ROS-TCP-Endpoint/build/ros_tcp_endpoint/build install --record /mnt/c/Users/Kyomoto/asvsim/ROS-TCP-Endpoint/build/ros_tcp_endpoint/install.log --install-scripts $base/lib/ros_tcp_endpoint --single-version-externally-managed install_data
[4.440s] Level 1:colcon.colcon_core.environment:checking '/mnt/c/Users/Kyomoto/asvsim/ROS-TCP-Endpoint/install/ros_tcp_endpoint' for CMake module files
[4.473s] Level 1:colcon.colcon_core.environment:checking '/mnt/c/Users/Kyomoto/asvsim/ROS-TCP-Endpoint/install/ros_tcp_endpoint' for CMake config files
[4.557s] Level 1:colcon.colcon_core.environment:checking '/mnt/c/Users/Kyomoto/asvsim/ROS-TCP-Endpoint/install/ros_tcp_endpoint/lib'
[4.560s] Level 1:colcon.colcon_core.environment:checking '/mnt/c/Users/Kyomoto/asvsim/ROS-TCP-Endpoint/install/ros_tcp_endpoint/bin'
[4.562s] Level 1:colcon.colcon_core.environment:checking '/mnt/c/Users/Kyomoto/asvsim/ROS-TCP-Endpoint/install/ros_tcp_endpoint/lib/pkgconfig/ros_tcp_endpoint.pc'
[4.570s] Level 1:colcon.colcon_core.environment:checking '/mnt/c/Users/Kyomoto/asvsim/ROS-TCP-Endpoint/install/ros_tcp_endpoint/lib/python3.10/site-packages'
[4.573s] Level 1:colcon.colcon_core.shell:create_environment_hook('ros_tcp_endpoint', 'pythonpath')
[4.573s] INFO:colcon.colcon_core.shell:Creating environment hook '/mnt/c/Users/Kyomoto/asvsim/ROS-TCP-Endpoint/install/ros_tcp_endpoint/share/ros_tcp_endpoint/hook/pythonpath.ps1'
[4.582s] INFO:colcon.colcon_core.shell:Creating environment descriptor '/mnt/c/Users/Kyomoto/asvsim/ROS-TCP-Endpoint/install/ros_tcp_endpoint/share/ros_tcp_endpoint/hook/pythonpath.dsv'
[4.588s] INFO:colcon.colcon_core.shell:Creating environment hook '/mnt/c/Users/Kyomoto/asvsim/ROS-TCP-Endpoint/install/ros_tcp_endpoint/share/ros_tcp_endpoint/hook/pythonpath.sh'
[4.595s] Level 1:colcon.colcon_core.environment:checking '/mnt/c/Users/Kyomoto/asvsim/ROS-TCP-Endpoint/install/ros_tcp_endpoint/bin'
[4.595s] Level 1:colcon.colcon_core.environment:create_environment_scripts_only(ros_tcp_endpoint)
[4.596s] INFO:colcon.colcon_core.shell:Creating package script '/mnt/c/Users/Kyomoto/asvsim/ROS-TCP-Endpoint/install/ros_tcp_endpoint/share/ros_tcp_endpoint/package.ps1'
[4.601s] INFO:colcon.colcon_core.shell:Creating package descriptor '/mnt/c/Users/Kyomoto/asvsim/ROS-TCP-Endpoint/install/ros_tcp_endpoint/share/ros_tcp_endpoint/package.dsv'
[4.605s] INFO:colcon.colcon_core.shell:Creating package script '/mnt/c/Users/Kyomoto/asvsim/ROS-TCP-Endpoint/install/ros_tcp_endpoint/share/ros_tcp_endpoint/package.sh'
[4.631s] INFO:colcon.colcon_core.shell:Creating package script '/mnt/c/Users/Kyomoto/asvsim/ROS-TCP-Endpoint/install/ros_tcp_endpoint/share/ros_tcp_endpoint/package.bash'
[4.638s] INFO:colcon.colcon_core.shell:Creating package script '/mnt/c/Users/Kyomoto/asvsim/ROS-TCP-Endpoint/install/ros_tcp_endpoint/share/ros_tcp_endpoint/package.zsh'
[4.645s] Level 1:colcon.colcon_core.environment:create_file_with_runtime_dependencies(/mnt/c/Users/Kyomoto/asvsim/ROS-TCP-Endpoint/install/ros_tcp_endpoint/share/colcon-core/packages/ros_tcp_endpoint)
[4.650s] DEBUG:colcon.colcon_parallel_executor.executor.parallel:closing loop
[4.650s] DEBUG:colcon.colcon_parallel_executor.executor.parallel:loop closed
[4.650s] DEBUG:colcon.colcon_parallel_executor.executor.parallel:run_until_complete finished with '0'
[4.650s] DEBUG:colcon.colcon_core.event_reactor:joining thread
[4.756s] INFO:colcon.colcon_core.plugin_system:Skipping extension 'colcon_notification.desktop_notification.notify_send': Could not find 'notify-send'
[4.757s] INFO:colcon.colcon_core.plugin_system:Skipping extension 'colcon_notification.desktop_notification.terminal_notifier': Not used on non-Darwin systems
[4.757s] INFO:colcon.colcon_core.plugin_system:Skipping extension 'colcon_notification.desktop_notification.win32': Not used on non-Windows systems
[4.757s] INFO:colcon.colcon_notification.desktop_notification:Sending desktop notification using 'notify2'
[4.757s] DEBUG:colcon.colcon_notification.desktop_notification.notify2:Failed to initialize notify2: org.freedesktop.DBus.Error.FileNotFound: Failed to connect to socket /run/user/0/bus: No such file or directory
[4.757s] DEBUG:colcon.colcon_core.event_reactor:joined thread
[4.758s] INFO:colcon.colcon_core.shell:Creating prefix script '/mnt/c/Users/Kyomoto/asvsim/ROS-TCP-Endpoint/install/local_setup.ps1'
[4.763s] INFO:colcon.colcon_core.shell:Creating prefix util module '/mnt/c/Users/Kyomoto/asvsim/ROS-TCP-Endpoint/install/_local_setup_util_ps1.py'
[4.769s] INFO:colcon.colcon_core.shell:Creating prefix chain script '/mnt/c/Users/Kyomoto/asvsim/ROS-TCP-Endpoint/install/setup.ps1'
[4.777s] INFO:colcon.colcon_core.shell:Creating prefix script '/mnt/c/Users/Kyomoto/asvsim/ROS-TCP-Endpoint/install/local_setup.sh'
[4.785s] INFO:colcon.colcon_core.shell:Creating prefix util module '/mnt/c/Users/Kyomoto/asvsim/ROS-TCP-Endpoint/install/_local_setup_util_sh.py'
[4.791s] INFO:colcon.colcon_core.shell:Creating prefix chain script '/mnt/c/Users/Kyomoto/asvsim/ROS-TCP-Endpoint/install/setup.sh'
[4.797s] INFO:colcon.colcon_core.shell:Creating prefix script '/mnt/c/Users/Kyomoto/asvsim/ROS-TCP-Endpoint/install/local_setup.bash'
[4.811s] INFO:colcon.colcon_core.shell:Creating prefix chain script '/mnt/c/Users/Kyomoto/asvsim/ROS-TCP-Endpoint/install/setup.bash'
[4.820s] INFO:colcon.colcon_core.shell:Creating prefix script '/mnt/c/Users/Kyomoto/asvsim/ROS-TCP-Endpoint/install/local_setup.zsh'
[4.825s] INFO:colcon.colcon_core.shell:Creating prefix chain script '/mnt/c/Users/Kyomoto/asvsim/ROS-TCP-Endpoint/install/setup.zsh'
