/usr/local/lib/python3.10/dist-packages/setuptools/dist.py:745: SetuptoolsDeprecationWarning: Invalid dash-separated options
!!

        ********************************************************************************
        Usage of dash-separated 'script-dir' will not be supported in future
        versions. Please use the underscore name 'script_dir' instead.

        This deprecation is overdue, please update your project and remove deprecated
        calls to avoid build errors in the future.

        See https://setuptools.pypa.io/en/latest/userguide/declarative_config.html for details.
        ********************************************************************************

!!
  opt = self.warn_dash_deprecation(opt, section)
running egg_info
writing build/ros_tcp_endpoint/ros_tcp_endpoint.egg-info/PKG-INFO
writing dependency_links to build/ros_tcp_endpoint/ros_tcp_endpoint.egg-info/dependency_links.txt
writing entry points to build/ros_tcp_endpoint/ros_tcp_endpoint.egg-info/entry_points.txt
writing requirements to build/ros_tcp_endpoint/ros_tcp_endpoint.egg-info/requires.txt
writing top-level names to build/ros_tcp_endpoint/ros_tcp_endpoint.egg-info/top_level.txt
reading manifest file 'build/ros_tcp_endpoint/ros_tcp_endpoint.egg-info/SOURCES.txt'
adding license file 'LICENSE'
writing manifest file 'build/ros_tcp_endpoint/ros_tcp_endpoint.egg-info/SOURCES.txt'
running build
running build_py
running install
running install_lib
running install_data
running install_egg_info
removing '/mnt/c/Users/Kyomoto/asvsim/ROS-TCP-Endpoint/install/ros_tcp_endpoint/lib/python3.10/site-packages/ros_tcp_endpoint-0.0.1-py3.10.egg-info' (and everything under it)
Copying build/ros_tcp_endpoint/ros_tcp_endpoint.egg-info to /mnt/c/Users/Kyomoto/asvsim/ROS-TCP-Endpoint/install/ros_tcp_endpoint/lib/python3.10/site-packages/ros_tcp_endpoint-0.0.1-py3.10.egg-info
running install_scripts
Installing default_server_endpoint script to /mnt/c/Users/Kyomoto/asvsim/ROS-TCP-Endpoint/install/ros_tcp_endpoint/lib/ros_tcp_endpoint
writing list of installed files to '/mnt/c/Users/Kyomoto/asvsim/ROS-TCP-Endpoint/build/ros_tcp_endpoint/install.log'
