[1.578s] Invoking command in '/mnt/c/Users/Kyomoto/asvsim/ROS-TCP-Endpoint': PYTHONPATH=/mnt/c/Users/Kyomoto/asvsim/ROS-TCP-Endpoint/build/ros_tcp_endpoint/prefix_override:/usr/lib/python3/dist-packages/colcon_core/task/python/colcon_distutils_commands:/mnt/c/Users/Kyomoto/asvsim/ROS-TCP-Endpoint/install/ros_tcp_endpoint/lib/python3.10/site-packages:${PYTHONPATH} /usr/bin/python3 -W ignore:setup.py install is deprecated -W ignore:easy_install command is deprecated setup.py egg_info --egg-base build/ros_tcp_endpoint build --build-base /mnt/c/Users/Kyomoto/asvsim/ROS-TCP-Endpoint/build/ros_tcp_endpoint/build install --record /mnt/c/Users/Kyomoto/asvsim/ROS-TCP-Endpoint/build/ros_tcp_endpoint/install.log --install-scripts $base/lib/ros_tcp_endpoint --single-version-externally-managed install_data
[1.974s] /usr/local/lib/python3.10/dist-packages/setuptools/dist.py:745: SetuptoolsDeprecationWarning: Invalid dash-separated options
[1.975s] !!
[1.975s] 
[1.976s]         ********************************************************************************
[1.976s]         Usage of dash-separated 'script-dir' will not be supported in future
[1.977s]         versions. Please use the underscore name 'script_dir' instead.
[1.977s] 
[1.978s]         This deprecation is overdue, please update your project and remove deprecated
[1.978s]         calls to avoid build errors in the future.
[1.979s] 
[1.981s]         See https://setuptools.pypa.io/en/latest/userguide/declarative_config.html for details.
[1.981s]         ********************************************************************************
[1.981s] 
[1.982s] !!
[1.982s]   opt = self.warn_dash_deprecation(opt, section)
[2.154s] running egg_info
[2.171s] writing build/ros_tcp_endpoint/ros_tcp_endpoint.egg-info/PKG-INFO
[2.178s] writing dependency_links to build/ros_tcp_endpoint/ros_tcp_endpoint.egg-info/dependency_links.txt
[2.184s] writing entry points to build/ros_tcp_endpoint/ros_tcp_endpoint.egg-info/entry_points.txt
[2.189s] writing requirements to build/ros_tcp_endpoint/ros_tcp_endpoint.egg-info/requires.txt
[2.193s] writing top-level names to build/ros_tcp_endpoint/ros_tcp_endpoint.egg-info/top_level.txt
[2.251s] reading manifest file 'build/ros_tcp_endpoint/ros_tcp_endpoint.egg-info/SOURCES.txt'
[2.358s] adding license file 'LICENSE'
[2.381s] writing manifest file 'build/ros_tcp_endpoint/ros_tcp_endpoint.egg-info/SOURCES.txt'
[2.385s] running build
[2.386s] running build_py
[2.780s] running install
[2.786s] running install_lib
[3.119s] running install_data
[3.173s] running install_egg_info
[3.197s] removing '/mnt/c/Users/Kyomoto/asvsim/ROS-TCP-Endpoint/install/ros_tcp_endpoint/lib/python3.10/site-packages/ros_tcp_endpoint-0.0.1-py3.10.egg-info' (and everything under it)
[3.244s] Copying build/ros_tcp_endpoint/ros_tcp_endpoint.egg-info to /mnt/c/Users/Kyomoto/asvsim/ROS-TCP-Endpoint/install/ros_tcp_endpoint/lib/python3.10/site-packages/ros_tcp_endpoint-0.0.1-py3.10.egg-info
[3.485s] running install_scripts
[3.802s] Installing default_server_endpoint script to /mnt/c/Users/Kyomoto/asvsim/ROS-TCP-Endpoint/install/ros_tcp_endpoint/lib/ros_tcp_endpoint
[3.811s] writing list of installed files to '/mnt/c/Users/Kyomoto/asvsim/ROS-TCP-Endpoint/build/ros_tcp_endpoint/install.log'
[3.827s] Invoked command in '/mnt/c/Users/Kyomoto/asvsim/ROS-TCP-Endpoint' returned '0': PYTHONPATH=/mnt/c/Users/Kyomoto/asvsim/ROS-TCP-Endpoint/build/ros_tcp_endpoint/prefix_override:/usr/lib/python3/dist-packages/colcon_core/task/python/colcon_distutils_commands:/mnt/c/Users/Kyomoto/asvsim/ROS-TCP-Endpoint/install/ros_tcp_endpoint/lib/python3.10/site-packages:${PYTHONPATH} /usr/bin/python3 -W ignore:setup.py install is deprecated -W ignore:easy_install command is deprecated setup.py egg_info --egg-base build/ros_tcp_endpoint build --build-base /mnt/c/Users/Kyomoto/asvsim/ROS-TCP-Endpoint/build/ros_tcp_endpoint/build install --record /mnt/c/Users/Kyomoto/asvsim/ROS-TCP-Endpoint/build/ros_tcp_endpoint/install.log --install-scripts $base/lib/ros_tcp_endpoint --single-version-externally-managed install_data
